{"numTotalTestSuites":50,"numPassedTestSuites":15,"numFailedTestSuites":35,"numPendingTestSuites":0,"numTotalTests":116,"numPassedTests":53,"numFailedTests":63,"numPendingTests":0,"numTodoTests":0,"snapshot":{"added":0,"failure":false,"filesAdded":0,"filesRemoved":0,"filesRemovedList":[],"filesUnmatched":0,"filesUpdated":0,"matched":0,"total":0,"unchecked":0,"uncheckedKeysByFile":[],"unmatched":0,"updated":0,"didUpdate":false},"startTime":1751622442614,"success":false,"testResults":[{"assertionResults":[{"ancestorTitles":["Supabase Connection Tests"],"fullName":"Supabase Connection Tests should test connection","status":"passed","title":"should test connection","duration":0.7504789999998138,"failureMessages":[],"location":{"line":20,"column":3},"meta":{}},{"ancestorTitles":["Supabase Connection Tests"],"fullName":"Supabase Connection Tests should check Supabase health","status":"passed","title":"should check Supabase health","duration":0.4316269999999349,"failureMessages":[],"location":{"line":25,"column":3},"meta":{}}],"startTime":1751622445557,"endTime":1751622445557.7505,"status":"passed","message":"","name":"/workspace/src/tests/supabase-connection.test.ts"},{"assertionResults":[{"ancestorTitles":["Enhanced License Plate Search Utilities","extractNumericParts"],"fullName":"Enhanced License Plate Search Utilities extractNumericParts should extract only numeric characters","status":"passed","title":"should extract only numeric characters","duration":0.9505580000000009,"failureMessages":[],"location":{"line":21,"column":5},"meta":{}},{"ancestorTitles":["Enhanced License Plate Search Utilities","extractAlphabeticParts"],"fullName":"Enhanced License Plate Search Utilities extractAlphabeticParts should extract only alphabetic characters","status":"passed","title":"should extract only alphabetic characters","duration":0.3872590000000855,"failureMessages":[],"location":{"line":31,"column":5},"meta":{}},{"ancestorTitles":["Enhanced License Plate Search Utilities","normalizeLicensePlate"],"fullName":"Enhanced License Plate Search Utilities normalizeLicensePlate should normalize license plates correctly","status":"passed","title":"should normalize license plates correctly","duration":0.21097099999997226,"failureMessages":[],"location":{"line":40,"column":5},"meta":{}},{"ancestorTitles":["Enhanced License Plate Search Utilities","calculateLevenshteinDistance"],"fullName":"Enhanced License Plate Search Utilities calculateLevenshteinDistance should calculate correct edit distance","status":"passed","title":"should calculate correct edit distance","duration":0.32932499999992615,"failureMessages":[],"location":{"line":49,"column":5},"meta":{}},{"ancestorTitles":["Enhanced License Plate Search Utilities","calculateSimilarity"],"fullName":"Enhanced License Plate Search Utilities calculateSimilarity should calculate correct similarity percentage","status":"failed","title":"should calculate correct similarity percentage","duration":3.03756199999998,"failureMessages":["AssertionError: expected +0 to be 100 // Object.is equality\n    at /workspace/src/utils/searchUtils.test.ts:63:43\n    at file:///workspace/node_modules/@vitest/runner/dist/index.js:146:14\n    at file:///workspace/node_modules/@vitest/runner/dist/index.js:533:11\n    at runWithTimeout (file:///workspace/node_modules/@vitest/runner/dist/index.js:39:7)\n    at runTest (file:///workspace/node_modules/@vitest/runner/dist/index.js:1056:17)\n    at runSuite (file:///workspace/node_modules/@vitest/runner/dist/index.js:1205:15)\n    at runSuite (file:///workspace/node_modules/@vitest/runner/dist/index.js:1205:15)\n    at runSuite (file:///workspace/node_modules/@vitest/runner/dist/index.js:1205:15)\n    at runFiles (file:///workspace/node_modules/@vitest/runner/dist/index.js:1262:5)\n    at startTests (file:///workspace/node_modules/@vitest/runner/dist/index.js:1271:3)"],"location":{"line":60,"column":5},"meta":{}},{"ancestorTitles":["Enhanced License Plate Search Utilities","enhancedLicensePlateMatch"],"fullName":"Enhanced License Plate Search Utilities enhancedLicensePlateMatch should handle exact matches","status":"passed","title":"should handle exact matches","duration":0.33728900000005524,"failureMessages":[],"location":{"line":69,"column":5},"meta":{}},{"ancestorTitles":["Enhanced License Plate Search Utilities","enhancedLicensePlateMatch"],"fullName":"Enhanced License Plate Search Utilities enhancedLicensePlateMatch should handle contains matches","status":"passed","title":"should handle contains matches","duration":0.14476399999989553,"failureMessages":[],"location":{"line":76,"column":5},"meta":{}},{"ancestorTitles":["Enhanced License Plate Search Utilities","enhancedLicensePlateMatch"],"fullName":"Enhanced License Plate Search Utilities enhancedLicensePlateMatch should handle starts with matches","status":"failed","title":"should handle starts with matches","duration":1.4792449999999917,"failureMessages":["AssertionError: expected 'contains' to be 'starts_with' // Object.is equality\n    at /workspace/src/utils/searchUtils.test.ts:86:32\n    at file:///workspace/node_modules/@vitest/runner/dist/index.js:146:14\n    at file:///workspace/node_modules/@vitest/runner/dist/index.js:533:11\n    at runWithTimeout (file:///workspace/node_modules/@vitest/runner/dist/index.js:39:7)\n    at runTest (file:///workspace/node_modules/@vitest/runner/dist/index.js:1056:17)\n    at runSuite (file:///workspace/node_modules/@vitest/runner/dist/index.js:1205:15)\n    at runSuite (file:///workspace/node_modules/@vitest/runner/dist/index.js:1205:15)\n    at runSuite (file:///workspace/node_modules/@vitest/runner/dist/index.js:1205:15)\n    at runFiles (file:///workspace/node_modules/@vitest/runner/dist/index.js:1262:5)\n    at startTests (file:///workspace/node_modules/@vitest/runner/dist/index.js:1271:3)"],"location":{"line":83,"column":5},"meta":{}},{"ancestorTitles":["Enhanced License Plate Search Utilities","enhancedLicensePlateMatch"],"fullName":"Enhanced License Plate Search Utilities enhancedLicensePlateMatch should handle ends with matches","status":"failed","title":"should handle ends with matches","duration":0.6798139999998511,"failureMessages":["AssertionError: expected 'contains' to be 'ends_with' // Object.is equality\n    at /workspace/src/utils/searchUtils.test.ts:92:32\n    at file:///workspace/node_modules/@vitest/runner/dist/index.js:146:14\n    at file:///workspace/node_modules/@vitest/runner/dist/index.js:533:11\n    at runWithTimeout (file:///workspace/node_modules/@vitest/runner/dist/index.js:39:7)\n    at runTest (file:///workspace/node_modules/@vitest/runner/dist/index.js:1056:17)\n    at runSuite (file:///workspace/node_modules/@vitest/runner/dist/index.js:1205:15)\n    at runSuite (file:///workspace/node_modules/@vitest/runner/dist/index.js:1205:15)\n    at runSuite (file:///workspace/node_modules/@vitest/runner/dist/index.js:1205:15)\n    at runFiles (file:///workspace/node_modules/@vitest/runner/dist/index.js:1262:5)\n    at startTests (file:///workspace/node_modules/@vitest/runner/dist/index.js:1271:3)"],"location":{"line":89,"column":5},"meta":{}},{"ancestorTitles":["Enhanced License Plate Search Utilities","enhancedLicensePlateMatch"],"fullName":"Enhanced License Plate Search Utilities enhancedLicensePlateMatch should handle numeric-only searches","status":"failed","title":"should handle numeric-only searches","duration":0.5152309999998579,"failureMessages":["AssertionError: expected 'contains' to be 'numeric_exact' // Object.is equality\n    at /workspace/src/utils/searchUtils.test.ts:98:32\n    at file:///workspace/node_modules/@vitest/runner/dist/index.js:146:14\n    at file:///workspace/node_modules/@vitest/runner/dist/index.js:533:11\n    at runWithTimeout (file:///workspace/node_modules/@vitest/runner/dist/index.js:39:7)\n    at runTest (file:///workspace/node_modules/@vitest/runner/dist/index.js:1056:17)\n    at runSuite (file:///workspace/node_modules/@vitest/runner/dist/index.js:1205:15)\n    at runSuite (file:///workspace/node_modules/@vitest/runner/dist/index.js:1205:15)\n    at runSuite (file:///workspace/node_modules/@vitest/runner/dist/index.js:1205:15)\n    at runFiles (file:///workspace/node_modules/@vitest/runner/dist/index.js:1262:5)\n    at startTests (file:///workspace/node_modules/@vitest/runner/dist/index.js:1271:3)"],"location":{"line":95,"column":5},"meta":{}},{"ancestorTitles":["Enhanced License Plate Search Utilities","enhancedLicensePlateMatch"],"fullName":"Enhanced License Plate Search Utilities enhancedLicensePlateMatch should handle alphabetic-only searches","status":"failed","title":"should handle alphabetic-only searches","duration":0.5038180000001375,"failureMessages":["AssertionError: expected 'contains' to be 'alpha_exact' // Object.is equality\n    at /workspace/src/utils/searchUtils.test.ts:104:32\n    at file:///workspace/node_modules/@vitest/runner/dist/index.js:146:14\n    at file:///workspace/node_modules/@vitest/runner/dist/index.js:533:11\n    at runWithTimeout (file:///workspace/node_modules/@vitest/runner/dist/index.js:39:7)\n    at runTest (file:///workspace/node_modules/@vitest/runner/dist/index.js:1056:17)\n    at runSuite (file:///workspace/node_modules/@vitest/runner/dist/index.js:1205:15)\n    at runSuite (file:///workspace/node_modules/@vitest/runner/dist/index.js:1205:15)\n    at runSuite (file:///workspace/node_modules/@vitest/runner/dist/index.js:1205:15)\n    at runFiles (file:///workspace/node_modules/@vitest/runner/dist/index.js:1262:5)\n    at startTests (file:///workspace/node_modules/@vitest/runner/dist/index.js:1271:3)"],"location":{"line":101,"column":5},"meta":{}},{"ancestorTitles":["Enhanced License Plate Search Utilities","enhancedLicensePlateMatch"],"fullName":"Enhanced License Plate Search Utilities enhancedLicensePlateMatch should handle fuzzy matches","status":"passed","title":"should handle fuzzy matches","duration":0.22023300000000745,"failureMessages":[],"location":{"line":107,"column":5},"meta":{}},{"ancestorTitles":["Enhanced License Plate Search Utilities","enhancedLicensePlateMatch"],"fullName":"Enhanced License Plate Search Utilities enhancedLicensePlateMatch should handle no matches","status":"passed","title":"should handle no matches","duration":0.24129199999993034,"failureMessages":[],"location":{"line":114,"column":5},"meta":{}},{"ancestorTitles":["Enhanced License Plate Search Utilities","enhancedLicensePlateMatch"],"fullName":"Enhanced License Plate Search Utilities enhancedLicensePlateMatch should handle empty inputs","status":"passed","title":"should handle empty inputs","duration":0.30871799999999894,"failureMessages":[],"location":{"line":121,"column":5},"meta":{}},{"ancestorTitles":["Enhanced License Plate Search Utilities","doesLicensePlateMatch"],"fullName":"Enhanced License Plate Search Utilities doesLicensePlateMatch should return true for good matches","status":"failed","title":"should return true for good matches","duration":0.48295600000005834,"failureMessages":["AssertionError: expected false to be true // Object.is equality\n    at /workspace/src/utils/searchUtils.test.ts:138:54\n    at file:///workspace/node_modules/@vitest/runner/dist/index.js:146:14\n    at file:///workspace/node_modules/@vitest/runner/dist/index.js:533:11\n    at runWithTimeout (file:///workspace/node_modules/@vitest/runner/dist/index.js:39:7)\n    at runTest (file:///workspace/node_modules/@vitest/runner/dist/index.js:1056:17)\n    at runSuite (file:///workspace/node_modules/@vitest/runner/dist/index.js:1205:15)\n    at runSuite (file:///workspace/node_modules/@vitest/runner/dist/index.js:1205:15)\n    at runSuite (file:///workspace/node_modules/@vitest/runner/dist/index.js:1205:15)\n    at runFiles (file:///workspace/node_modules/@vitest/runner/dist/index.js:1262:5)\n    at startTests (file:///workspace/node_modules/@vitest/runner/dist/index.js:1271:3)"],"location":{"line":136,"column":5},"meta":{}},{"ancestorTitles":["Enhanced License Plate Search Utilities","doesLicensePlateMatch"],"fullName":"Enhanced License Plate Search Utilities doesLicensePlateMatch should return false for poor matches","status":"passed","title":"should return false for poor matches","duration":0.15986199999997552,"failureMessages":[],"location":{"line":142,"column":5},"meta":{}},{"ancestorTitles":["Enhanced License Plate Search Utilities","isLicensePlatePattern"],"fullName":"Enhanced License Plate Search Utilities isLicensePlatePattern should identify license plate patterns","status":"passed","title":"should identify license plate patterns","duration":0.1921429999999873,"failureMessages":[],"location":{"line":150,"column":5},"meta":{}},{"ancestorTitles":["Enhanced License Plate Search Utilities","isLicensePlatePattern"],"fullName":"Enhanced License Plate Search Utilities isLicensePlatePattern should reject non-license plate patterns","status":"passed","title":"should reject non-license plate patterns","duration":0.12438399999996363,"failureMessages":[],"location":{"line":156,"column":5},"meta":{}},{"ancestorTitles":["Enhanced License Plate Search Utilities","enhancedVehicleSearch"],"fullName":"Enhanced License Plate Search Utilities enhancedVehicleSearch should find vehicles by exact license plate","status":"passed","title":"should find vehicles by exact license plate","duration":1.1677609999999277,"failureMessages":[],"location":{"line":192,"column":5},"meta":{}},{"ancestorTitles":["Enhanced License Plate Search Utilities","enhancedVehicleSearch"],"fullName":"Enhanced License Plate Search Utilities enhancedVehicleSearch should find vehicles by partial license plate","status":"passed","title":"should find vehicles by partial license plate","duration":0.22869100000002618,"failureMessages":[],"location":{"line":199,"column":5},"meta":{}},{"ancestorTitles":["Enhanced License Plate Search Utilities","enhancedVehicleSearch"],"fullName":"Enhanced License Plate Search Utilities enhancedVehicleSearch should find vehicles by make","status":"passed","title":"should find vehicles by make","duration":0.25553199999990284,"failureMessages":[],"location":{"line":205,"column":5},"meta":{}},{"ancestorTitles":["Enhanced License Plate Search Utilities","enhancedVehicleSearch"],"fullName":"Enhanced License Plate Search Utilities enhancedVehicleSearch should find vehicles by model","status":"passed","title":"should find vehicles by model","duration":0.20542300000010982,"failureMessages":[],"location":{"line":211,"column":5},"meta":{}},{"ancestorTitles":["Enhanced License Plate Search Utilities","enhancedVehicleSearch"],"fullName":"Enhanced License Plate Search Utilities enhancedVehicleSearch should find vehicles by year","status":"passed","title":"should find vehicles by year","duration":0.17384900000001835,"failureMessages":[],"location":{"line":217,"column":5},"meta":{}},{"ancestorTitles":["Enhanced License Plate Search Utilities","enhancedVehicleSearch"],"fullName":"Enhanced License Plate Search Utilities enhancedVehicleSearch should return empty array for no matches","status":"passed","title":"should return empty array for no matches","duration":0.1360779999999977,"failureMessages":[],"location":{"line":223,"column":5},"meta":{}},{"ancestorTitles":["Enhanced License Plate Search Utilities","enhancedVehicleSearch"],"fullName":"Enhanced License Plate Search Utilities enhancedVehicleSearch should sort results by match score","status":"passed","title":"should sort results by match score","duration":0.11088500000005297,"failureMessages":[],"location":{"line":228,"column":5},"meta":{}},{"ancestorTitles":["Enhanced License Plate Search Utilities","generateSearchSuggestions"],"fullName":"Enhanced License Plate Search Utilities generateSearchSuggestions should generate license plate suggestions","status":"passed","title":"should generate license plate suggestions","duration":0.42124599999988277,"failureMessages":[],"location":{"line":255,"column":5},"meta":{}},{"ancestorTitles":["Enhanced License Plate Search Utilities","generateSearchSuggestions"],"fullName":"Enhanced License Plate Search Utilities generateSearchSuggestions should generate make suggestions","status":"passed","title":"should generate make suggestions","duration":0.11264200000005076,"failureMessages":[],"location":{"line":262,"column":5},"meta":{}},{"ancestorTitles":["Enhanced License Plate Search Utilities","generateSearchSuggestions"],"fullName":"Enhanced License Plate Search Utilities generateSearchSuggestions should generate model suggestions","status":"passed","title":"should generate model suggestions","duration":0.14206300000000738,"failureMessages":[],"location":{"line":267,"column":5},"meta":{}},{"ancestorTitles":["Enhanced License Plate Search Utilities","generateSearchSuggestions"],"fullName":"Enhanced License Plate Search Utilities generateSearchSuggestions should limit suggestions to 10","status":"passed","title":"should limit suggestions to 10","duration":0.1528889999999592,"failureMessages":[],"location":{"line":272,"column":5},"meta":{}},{"ancestorTitles":["Enhanced License Plate Search Utilities","generateSearchSuggestions"],"fullName":"Enhanced License Plate Search Utilities generateSearchSuggestions should return empty array for short input","status":"passed","title":"should return empty array for short input","duration":0.15217500000017026,"failureMessages":[],"location":{"line":283,"column":5},"meta":{}},{"ancestorTitles":["Enhanced License Plate Search Utilities","Real-world license plate scenarios"],"fullName":"Enhanced License Plate Search Utilities Real-world license plate scenarios should handle Qatar license plate formats","status":"failed","title":"should handle Qatar license plate formats","duration":0.4393319999999221,"failureMessages":["AssertionError: expected false to be true // Object.is equality\n    at /workspace/src/utils/searchUtils.test.ts:293:60\n    at file:///workspace/node_modules/@vitest/runner/dist/index.js:146:14\n    at file:///workspace/node_modules/@vitest/runner/dist/index.js:533:11\n    at runWithTimeout (file:///workspace/node_modules/@vitest/runner/dist/index.js:39:7)\n    at runTest (file:///workspace/node_modules/@vitest/runner/dist/index.js:1056:17)\n    at runSuite (file:///workspace/node_modules/@vitest/runner/dist/index.js:1205:15)\n    at runSuite (file:///workspace/node_modules/@vitest/runner/dist/index.js:1205:15)\n    at runSuite (file:///workspace/node_modules/@vitest/runner/dist/index.js:1205:15)\n    at runFiles (file:///workspace/node_modules/@vitest/runner/dist/index.js:1262:5)\n    at startTests (file:///workspace/node_modules/@vitest/runner/dist/index.js:1271:3)"],"location":{"line":290,"column":5},"meta":{}},{"ancestorTitles":["Enhanced License Plate Search Utilities","Real-world license plate scenarios"],"fullName":"Enhanced License Plate Search Utilities Real-world license plate scenarios should handle partial searches common in rental systems","status":"failed","title":"should handle partial searches common in rental systems","duration":0.33417800000006537,"failureMessages":["AssertionError: expected false to be true // Object.is equality\n    at /workspace/src/utils/searchUtils.test.ts:299:57\n    at file:///workspace/node_modules/@vitest/runner/dist/index.js:146:14\n    at file:///workspace/node_modules/@vitest/runner/dist/index.js:533:11\n    at runWithTimeout (file:///workspace/node_modules/@vitest/runner/dist/index.js:39:7)\n    at runTest (file:///workspace/node_modules/@vitest/runner/dist/index.js:1056:17)\n    at runSuite (file:///workspace/node_modules/@vitest/runner/dist/index.js:1205:15)\n    at runSuite (file:///workspace/node_modules/@vitest/runner/dist/index.js:1205:15)\n    at runSuite (file:///workspace/node_modules/@vitest/runner/dist/index.js:1205:15)\n    at runFiles (file:///workspace/node_modules/@vitest/runner/dist/index.js:1262:5)\n    at startTests (file:///workspace/node_modules/@vitest/runner/dist/index.js:1271:3)"],"location":{"line":297,"column":5},"meta":{}},{"ancestorTitles":["Enhanced License Plate Search Utilities","Real-world license plate scenarios"],"fullName":"Enhanced License Plate Search Utilities Real-world license plate scenarios should handle numeric-only searches for rental lookup","status":"failed","title":"should handle numeric-only searches for rental lookup","duration":0.5207600000001094,"failureMessages":["AssertionError: expected false to be true // Object.is equality\n    at /workspace/src/utils/searchUtils.test.ts:310:57\n    at file:///workspace/node_modules/@vitest/runner/dist/index.js:146:14\n    at file:///workspace/node_modules/@vitest/runner/dist/index.js:533:11\n    at runWithTimeout (file:///workspace/node_modules/@vitest/runner/dist/index.js:39:7)\n    at runTest (file:///workspace/node_modules/@vitest/runner/dist/index.js:1056:17)\n    at runSuite (file:///workspace/node_modules/@vitest/runner/dist/index.js:1205:15)\n    at runSuite (file:///workspace/node_modules/@vitest/runner/dist/index.js:1205:15)\n    at runSuite (file:///workspace/node_modules/@vitest/runner/dist/index.js:1205:15)\n    at runFiles (file:///workspace/node_modules/@vitest/runner/dist/index.js:1262:5)\n    at startTests (file:///workspace/node_modules/@vitest/runner/dist/index.js:1271:3)"],"location":{"line":308,"column":5},"meta":{}}],"startTime":1751622443530,"endTime":1751622443545.5208,"status":"failed","message":"","name":"/workspace/src/utils/searchUtils.test.ts"},{"assertionResults":[{"ancestorTitles":["Button Component"],"fullName":"Button Component should render button with text","status":"passed","title":"should render button with text","duration":52.25520299999971,"failureMessages":[],"location":{"line":6,"column":3},"meta":{}},{"ancestorTitles":["Button Component"],"fullName":"Button Component should call onClick when clicked","status":"passed","title":"should call onClick when clicked","duration":7.401484999999866,"failureMessages":[],"location":{"line":12,"column":3},"meta":{}},{"ancestorTitles":["Button Component"],"fullName":"Button Component should be disabled when disabled prop is true","status":"passed","title":"should be disabled when disabled prop is true","duration":4.9983250000000226,"failureMessages":[],"location":{"line":20,"column":3},"meta":{}},{"ancestorTitles":["Button Component"],"fullName":"Button Component should have correct variant class","status":"passed","title":"should have correct variant class","duration":3.5057809999998426,"failureMessages":[],"location":{"line":25,"column":3},"meta":{}},{"ancestorTitles":["Button Component"],"fullName":"Button Component should have correct size class","status":"passed","title":"should have correct size class","duration":3.7560389999998733,"failureMessages":[],"location":{"line":31,"column":3},"meta":{}},{"ancestorTitles":["Button Component"],"fullName":"Button Component should show loading state","status":"passed","title":"should show loading state","duration":2.572544000000107,"failureMessages":[],"location":{"line":37,"column":3},"meta":{}},{"ancestorTitles":["Button Component"],"fullName":"Button Component should support Arabic text properly","status":"passed","title":"should support Arabic text properly","duration":1.2210549999999785,"failureMessages":[],"location":{"line":42,"column":3},"meta":{}}],"startTime":1751622445103,"endTime":1751622445179.221,"status":"passed","message":"","name":"/workspace/src/components/__tests__/Button.test.tsx"},{"assertionResults":[{"ancestorTitles":["CustomerCard Component"],"fullName":"CustomerCard Component should render customer information correctly","status":"failed","title":"should render customer information correctly","duration":25.195486999999957,"failureMessages":["Error: [vitest] No \"MoreVertical\" export is defined on the \"lucide-react\" mock. Did you forget to return it from \"vi.mock\"?\nIf you need to partially mock a module, you can use \"importOriginal\" helper inside:\n\n    at VitestMocker.createError (file:///workspace/node_modules/vitest/dist/chunks/execute.2pr0rHgK.js:321:19)\n    at Object.get (file:///workspace/node_modules/vitest/dist/chunks/execute.2pr0rHgK.js:389:22)\n    at /workspace/src/components/customers/CustomerCard.tsx:121:20\n    at renderWithHooks (/workspace/node_modules/react-dom/cjs/react-dom.development.js:15486:18)\n    at updateFunctionComponent (/workspace/node_modules/react-dom/cjs/react-dom.development.js:19617:20)\n    at updateSimpleMemoComponent (/workspace/node_modules/react-dom/cjs/react-dom.development.js:19454:10)\n    at updateMemoComponent (/workspace/node_modules/react-dom/cjs/react-dom.development.js:19303:14)\n    at beginWork (/workspace/node_modules/react-dom/cjs/react-dom.development.js:21712:16)\n    at beginWork$1 (/workspace/node_modules/react-dom/cjs/react-dom.development.js:27465:14)\n    at performUnitOfWork (/workspace/node_modules/react-dom/cjs/react-dom.development.js:26599:12)"],"location":{"line":25,"column":3},"meta":{}},{"ancestorTitles":["CustomerCard Component"],"fullName":"CustomerCard Component should display customer status badge","status":"failed","title":"should display customer status badge","duration":5.036780999999792,"failureMessages":["Error: [vitest] No \"MoreVertical\" export is defined on the \"lucide-react\" mock. Did you forget to return it from \"vi.mock\"?\nIf you need to partially mock a module, you can use \"importOriginal\" helper inside:\n\n    at VitestMocker.createError (file:///workspace/node_modules/vitest/dist/chunks/execute.2pr0rHgK.js:321:19)\n    at Object.get (file:///workspace/node_modules/vitest/dist/chunks/execute.2pr0rHgK.js:389:22)\n    at /workspace/src/components/customers/CustomerCard.tsx:121:20\n    at renderWithHooks (/workspace/node_modules/react-dom/cjs/react-dom.development.js:15486:18)\n    at updateFunctionComponent (/workspace/node_modules/react-dom/cjs/react-dom.development.js:19617:20)\n    at updateSimpleMemoComponent (/workspace/node_modules/react-dom/cjs/react-dom.development.js:19454:10)\n    at updateMemoComponent (/workspace/node_modules/react-dom/cjs/react-dom.development.js:19303:14)\n    at beginWork (/workspace/node_modules/react-dom/cjs/react-dom.development.js:21712:16)\n    at beginWork$1 (/workspace/node_modules/react-dom/cjs/react-dom.development.js:27465:14)\n    at performUnitOfWork (/workspace/node_modules/react-dom/cjs/react-dom.development.js:26599:12)"],"location":{"line":37,"column":3},"meta":{}},{"ancestorTitles":["CustomerCard Component"],"fullName":"CustomerCard Component should show phone and email action buttons","status":"failed","title":"should show phone and email action buttons","duration":4.376071000000138,"failureMessages":["Error: [vitest] No \"MoreVertical\" export is defined on the \"lucide-react\" mock. Did you forget to return it from \"vi.mock\"?\nIf you need to partially mock a module, you can use \"importOriginal\" helper inside:\n\n    at VitestMocker.createError (file:///workspace/node_modules/vitest/dist/chunks/execute.2pr0rHgK.js:321:19)\n    at Object.get (file:///workspace/node_modules/vitest/dist/chunks/execute.2pr0rHgK.js:389:22)\n    at /workspace/src/components/customers/CustomerCard.tsx:121:20\n    at renderWithHooks (/workspace/node_modules/react-dom/cjs/react-dom.development.js:15486:18)\n    at updateFunctionComponent (/workspace/node_modules/react-dom/cjs/react-dom.development.js:19617:20)\n    at updateSimpleMemoComponent (/workspace/node_modules/react-dom/cjs/react-dom.development.js:19454:10)\n    at updateMemoComponent (/workspace/node_modules/react-dom/cjs/react-dom.development.js:19303:14)\n    at beginWork (/workspace/node_modules/react-dom/cjs/react-dom.development.js:21712:16)\n    at beginWork$1 (/workspace/node_modules/react-dom/cjs/react-dom.development.js:27465:14)\n    at performUnitOfWork (/workspace/node_modules/react-dom/cjs/react-dom.development.js:26599:12)"],"location":{"line":47,"column":3},"meta":{}},{"ancestorTitles":["CustomerCard Component"],"fullName":"CustomerCard Component should call onEdit when edit button is clicked","status":"failed","title":"should call onEdit when edit button is clicked","duration":3.7499860000002627,"failureMessages":["Error: [vitest] No \"MoreVertical\" export is defined on the \"lucide-react\" mock. Did you forget to return it from \"vi.mock\"?\nIf you need to partially mock a module, you can use \"importOriginal\" helper inside:\n\n    at VitestMocker.createError (file:///workspace/node_modules/vitest/dist/chunks/execute.2pr0rHgK.js:321:19)\n    at Object.get (file:///workspace/node_modules/vitest/dist/chunks/execute.2pr0rHgK.js:389:22)\n    at /workspace/src/components/customers/CustomerCard.tsx:121:20\n    at renderWithHooks (/workspace/node_modules/react-dom/cjs/react-dom.development.js:15486:18)\n    at updateFunctionComponent (/workspace/node_modules/react-dom/cjs/react-dom.development.js:19617:20)\n    at updateSimpleMemoComponent (/workspace/node_modules/react-dom/cjs/react-dom.development.js:19454:10)\n    at updateMemoComponent (/workspace/node_modules/react-dom/cjs/react-dom.development.js:19303:14)\n    at beginWork (/workspace/node_modules/react-dom/cjs/react-dom.development.js:21712:16)\n    at beginWork$1 (/workspace/node_modules/react-dom/cjs/react-dom.development.js:27465:14)\n    at performUnitOfWork (/workspace/node_modules/react-dom/cjs/react-dom.development.js:26599:12)"],"location":{"line":58,"column":3},"meta":{}},{"ancestorTitles":["CustomerCard Component"],"fullName":"CustomerCard Component should call onDelete when delete button is clicked","status":"failed","title":"should call onDelete when delete button is clicked","duration":3.582078999999794,"failureMessages":["Error: [vitest] No \"MoreVertical\" export is defined on the \"lucide-react\" mock. Did you forget to return it from \"vi.mock\"?\nIf you need to partially mock a module, you can use \"importOriginal\" helper inside:\n\n    at VitestMocker.createError (file:///workspace/node_modules/vitest/dist/chunks/execute.2pr0rHgK.js:321:19)\n    at Object.get (file:///workspace/node_modules/vitest/dist/chunks/execute.2pr0rHgK.js:389:22)\n    at /workspace/src/components/customers/CustomerCard.tsx:121:20\n    at renderWithHooks (/workspace/node_modules/react-dom/cjs/react-dom.development.js:15486:18)\n    at updateFunctionComponent (/workspace/node_modules/react-dom/cjs/react-dom.development.js:19617:20)\n    at updateSimpleMemoComponent (/workspace/node_modules/react-dom/cjs/react-dom.development.js:19454:10)\n    at updateMemoComponent (/workspace/node_modules/react-dom/cjs/react-dom.development.js:19303:14)\n    at beginWork (/workspace/node_modules/react-dom/cjs/react-dom.development.js:21712:16)\n    at beginWork$1 (/workspace/node_modules/react-dom/cjs/react-dom.development.js:27465:14)\n    at performUnitOfWork (/workspace/node_modules/react-dom/cjs/react-dom.development.js:26599:12)"],"location":{"line":77,"column":3},"meta":{}},{"ancestorTitles":["CustomerCard Component"],"fullName":"CustomerCard Component should handle customer with different status","status":"failed","title":"should handle customer with different status","duration":5.590022000000317,"failureMessages":["Error: [vitest] No \"MoreVertical\" export is defined on the \"lucide-react\" mock. Did you forget to return it from \"vi.mock\"?\nIf you need to partially mock a module, you can use \"importOriginal\" helper inside:\n\n    at VitestMocker.createError (file:///workspace/node_modules/vitest/dist/chunks/execute.2pr0rHgK.js:321:19)\n    at Object.get (file:///workspace/node_modules/vitest/dist/chunks/execute.2pr0rHgK.js:389:22)\n    at /workspace/src/components/customers/CustomerCard.tsx:121:20\n    at renderWithHooks (/workspace/node_modules/react-dom/cjs/react-dom.development.js:15486:18)\n    at updateFunctionComponent (/workspace/node_modules/react-dom/cjs/react-dom.development.js:19617:20)\n    at updateSimpleMemoComponent (/workspace/node_modules/react-dom/cjs/react-dom.development.js:19454:10)\n    at updateMemoComponent (/workspace/node_modules/react-dom/cjs/react-dom.development.js:19303:14)\n    at beginWork (/workspace/node_modules/react-dom/cjs/react-dom.development.js:21712:16)\n    at beginWork$1 (/workspace/node_modules/react-dom/cjs/react-dom.development.js:27465:14)\n    at performUnitOfWork (/workspace/node_modules/react-dom/cjs/react-dom.development.js:26599:12)"],"location":{"line":96,"column":3},"meta":{}},{"ancestorTitles":["CustomerCard Component"],"fullName":"CustomerCard Component should handle customer without email","status":"failed","title":"should handle customer without email","duration":3.027878999999757,"failureMessages":["Error: [vitest] No \"MoreVertical\" export is defined on the \"lucide-react\" mock. Did you forget to return it from \"vi.mock\"?\nIf you need to partially mock a module, you can use \"importOriginal\" helper inside:\n\n    at VitestMocker.createError (file:///workspace/node_modules/vitest/dist/chunks/execute.2pr0rHgK.js:321:19)\n    at Object.get (file:///workspace/node_modules/vitest/dist/chunks/execute.2pr0rHgK.js:389:22)\n    at /workspace/src/components/customers/CustomerCard.tsx:121:20\n    at renderWithHooks (/workspace/node_modules/react-dom/cjs/react-dom.development.js:15486:18)\n    at updateFunctionComponent (/workspace/node_modules/react-dom/cjs/react-dom.development.js:19617:20)\n    at updateSimpleMemoComponent (/workspace/node_modules/react-dom/cjs/react-dom.development.js:19454:10)\n    at updateMemoComponent (/workspace/node_modules/react-dom/cjs/react-dom.development.js:19303:14)\n    at beginWork (/workspace/node_modules/react-dom/cjs/react-dom.development.js:21712:16)\n    at beginWork$1 (/workspace/node_modules/react-dom/cjs/react-dom.development.js:27465:14)\n    at performUnitOfWork (/workspace/node_modules/react-dom/cjs/react-dom.development.js:26599:12)"],"location":{"line":107,"column":3},"meta":{}}],"startTime":1751622444707,"endTime":1751622444758.0278,"status":"failed","message":"","name":"/workspace/src/components/__tests__/CustomerCard.test.tsx"},{"assertionResults":[],"startTime":1751622442614,"endTime":1751622442614,"status":"failed","message":"Transform failed with 1 error:\n/workspace/src/hooks/__tests__/use-customer-query.test.ts:23:25: ERROR: Expected \">\" but found \"client\"","name":"/workspace/src/hooks/__tests__/use-customer-query.test.ts"},{"assertionResults":[{"ancestorTitles":["CustomerService","fetchCustomers"],"fullName":"CustomerService fetchCustomers should fetch customers successfully","status":"failed","title":"should fetch customers successfully","duration":7.817814999999882,"failureMessages":["TypeError: CustomerService.fetchCustomers is not a function\n    at /workspace/src/services/__tests__/CustomerService.test.ts:28:44\n    at file:///workspace/node_modules/@vitest/runner/dist/index.js:533:5\n    at runTest (file:///workspace/node_modules/@vitest/runner/dist/index.js:1056:11)\n    at runSuite (file:///workspace/node_modules/@vitest/runner/dist/index.js:1205:15)\n    at runSuite (file:///workspace/node_modules/@vitest/runner/dist/index.js:1205:15)\n    at runSuite (file:///workspace/node_modules/@vitest/runner/dist/index.js:1205:15)\n    at runFiles (file:///workspace/node_modules/@vitest/runner/dist/index.js:1262:5)\n    at startTests (file:///workspace/node_modules/@vitest/runner/dist/index.js:1271:3)\n    at file:///workspace/node_modules/vitest/dist/chunks/runBaseTests.3qpJUEJM.js:126:11\n    at withEnv (file:///workspace/node_modules/vitest/dist/chunks/runBaseTests.3qpJUEJM.js:90:5)"],"location":{"line":15,"column":5},"meta":{}},{"ancestorTitles":["CustomerService","fetchCustomers"],"fullName":"CustomerService fetchCustomers should handle fetch customers error","status":"failed","title":"should handle fetch customers error","duration":0.8751059999999597,"failureMessages":["TypeError: CustomerService.fetchCustomers is not a function\n    at /workspace/src/services/__tests__/CustomerService.test.ts:44:44\n    at file:///workspace/node_modules/@vitest/runner/dist/index.js:533:5\n    at runTest (file:///workspace/node_modules/@vitest/runner/dist/index.js:1056:11)\n    at runSuite (file:///workspace/node_modules/@vitest/runner/dist/index.js:1205:15)\n    at runSuite (file:///workspace/node_modules/@vitest/runner/dist/index.js:1205:15)\n    at runSuite (file:///workspace/node_modules/@vitest/runner/dist/index.js:1205:15)\n    at runFiles (file:///workspace/node_modules/@vitest/runner/dist/index.js:1262:5)\n    at startTests (file:///workspace/node_modules/@vitest/runner/dist/index.js:1271:3)\n    at file:///workspace/node_modules/vitest/dist/chunks/runBaseTests.3qpJUEJM.js:126:11\n    at withEnv (file:///workspace/node_modules/vitest/dist/chunks/runBaseTests.3qpJUEJM.js:90:5)"],"location":{"line":35,"column":5},"meta":{}},{"ancestorTitles":["CustomerService","createCustomer"],"fullName":"CustomerService createCustomer should create customer successfully","status":"failed","title":"should create customer successfully","duration":0.8916719999999714,"failureMessages":["TypeError: CustomerService.createCustomer is not a function\n    at /workspace/src/services/__tests__/CustomerService.test.ts:61:44\n    at file:///workspace/node_modules/@vitest/runner/dist/index.js:533:5\n    at runTest (file:///workspace/node_modules/@vitest/runner/dist/index.js:1056:11)\n    at runSuite (file:///workspace/node_modules/@vitest/runner/dist/index.js:1205:15)\n    at runSuite (file:///workspace/node_modules/@vitest/runner/dist/index.js:1205:15)\n    at runSuite (file:///workspace/node_modules/@vitest/runner/dist/index.js:1205:15)\n    at runFiles (file:///workspace/node_modules/@vitest/runner/dist/index.js:1262:5)\n    at startTests (file:///workspace/node_modules/@vitest/runner/dist/index.js:1271:3)\n    at file:///workspace/node_modules/vitest/dist/chunks/runBaseTests.3qpJUEJM.js:126:11\n    at withEnv (file:///workspace/node_modules/vitest/dist/chunks/runBaseTests.3qpJUEJM.js:90:5)"],"location":{"line":52,"column":5},"meta":{}},{"ancestorTitles":["CustomerService","createCustomer"],"fullName":"CustomerService createCustomer should handle create customer error","status":"failed","title":"should handle create customer error","duration":0.7529839999999695,"failureMessages":["TypeError: CustomerService.createCustomer is not a function\n    at /workspace/src/services/__tests__/CustomerService.test.ts:78:44\n    at file:///workspace/node_modules/@vitest/runner/dist/index.js:533:5\n    at runTest (file:///workspace/node_modules/@vitest/runner/dist/index.js:1056:11)\n    at runSuite (file:///workspace/node_modules/@vitest/runner/dist/index.js:1205:15)\n    at runSuite (file:///workspace/node_modules/@vitest/runner/dist/index.js:1205:15)\n    at runSuite (file:///workspace/node_modules/@vitest/runner/dist/index.js:1205:15)\n    at runFiles (file:///workspace/node_modules/@vitest/runner/dist/index.js:1262:5)\n    at startTests (file:///workspace/node_modules/@vitest/runner/dist/index.js:1271:3)\n    at file:///workspace/node_modules/vitest/dist/chunks/runBaseTests.3qpJUEJM.js:126:11\n    at withEnv (file:///workspace/node_modules/vitest/dist/chunks/runBaseTests.3qpJUEJM.js:90:5)"],"location":{"line":68,"column":5},"meta":{}},{"ancestorTitles":["CustomerService","updateCustomer"],"fullName":"CustomerService updateCustomer should update customer successfully","status":"failed","title":"should update customer successfully","duration":0.5922269999998662,"failureMessages":["TypeError: CustomerService.updateCustomer is not a function\n    at /workspace/src/services/__tests__/CustomerService.test.ts:97:44\n    at file:///workspace/node_modules/@vitest/runner/dist/index.js:533:5\n    at runTest (file:///workspace/node_modules/@vitest/runner/dist/index.js:1056:11)\n    at runSuite (file:///workspace/node_modules/@vitest/runner/dist/index.js:1205:15)\n    at runSuite (file:///workspace/node_modules/@vitest/runner/dist/index.js:1205:15)\n    at runSuite (file:///workspace/node_modules/@vitest/runner/dist/index.js:1205:15)\n    at runFiles (file:///workspace/node_modules/@vitest/runner/dist/index.js:1262:5)\n    at startTests (file:///workspace/node_modules/@vitest/runner/dist/index.js:1271:3)\n    at file:///workspace/node_modules/vitest/dist/chunks/runBaseTests.3qpJUEJM.js:126:11\n    at withEnv (file:///workspace/node_modules/vitest/dist/chunks/runBaseTests.3qpJUEJM.js:90:5)"],"location":{"line":86,"column":5},"meta":{}},{"ancestorTitles":["CustomerService","deleteCustomer"],"fullName":"CustomerService deleteCustomer should delete customer successfully","status":"failed","title":"should delete customer successfully","duration":0.47076700000002347,"failureMessages":["TypeError: __vi_import_0__.mockSupabaseClient.from(...).delete(...).eq(...).mockResolvedValue is not a function\n    at /workspace/src/services/__tests__/CustomerService.test.ts:109:47\n    at file:///workspace/node_modules/@vitest/runner/dist/index.js:146:14\n    at file:///workspace/node_modules/@vitest/runner/dist/index.js:533:11\n    at runWithTimeout (file:///workspace/node_modules/@vitest/runner/dist/index.js:39:7)\n    at runTest (file:///workspace/node_modules/@vitest/runner/dist/index.js:1056:17)\n    at runSuite (file:///workspace/node_modules/@vitest/runner/dist/index.js:1205:15)\n    at runSuite (file:///workspace/node_modules/@vitest/runner/dist/index.js:1205:15)\n    at runSuite (file:///workspace/node_modules/@vitest/runner/dist/index.js:1205:15)\n    at runFiles (file:///workspace/node_modules/@vitest/runner/dist/index.js:1262:5)\n    at startTests (file:///workspace/node_modules/@vitest/runner/dist/index.js:1271:3)"],"location":{"line":106,"column":5},"meta":{}},{"ancestorTitles":["CustomerService","deleteCustomer"],"fullName":"CustomerService deleteCustomer should handle delete customer error","status":"failed","title":"should handle delete customer error","duration":0.38422799999989365,"failureMessages":["TypeError: __vi_import_0__.mockSupabaseClient.from(...).delete(...).eq(...).mockResolvedValue is not a function\n    at /workspace/src/services/__tests__/CustomerService.test.ts:125:47\n    at file:///workspace/node_modules/@vitest/runner/dist/index.js:146:14\n    at file:///workspace/node_modules/@vitest/runner/dist/index.js:533:11\n    at runWithTimeout (file:///workspace/node_modules/@vitest/runner/dist/index.js:39:7)\n    at runTest (file:///workspace/node_modules/@vitest/runner/dist/index.js:1056:17)\n    at runSuite (file:///workspace/node_modules/@vitest/runner/dist/index.js:1205:15)\n    at runSuite (file:///workspace/node_modules/@vitest/runner/dist/index.js:1205:15)\n    at runSuite (file:///workspace/node_modules/@vitest/runner/dist/index.js:1205:15)\n    at runFiles (file:///workspace/node_modules/@vitest/runner/dist/index.js:1262:5)\n    at startTests (file:///workspace/node_modules/@vitest/runner/dist/index.js:1271:3)"],"location":{"line":121,"column":5},"meta":{}},{"ancestorTitles":["CustomerService","searchCustomers"],"fullName":"CustomerService searchCustomers should search customers by name","status":"failed","title":"should search customers by name","duration":0.4700869999999213,"failureMessages":["TypeError: __vi_import_0__.mockSupabaseClient.from(...).select(...).ilike is not a function\n    at /workspace/src/services/__tests__/CustomerService.test.ts:142:42\n    at file:///workspace/node_modules/@vitest/runner/dist/index.js:146:14\n    at file:///workspace/node_modules/@vitest/runner/dist/index.js:533:11\n    at runWithTimeout (file:///workspace/node_modules/@vitest/runner/dist/index.js:39:7)\n    at runTest (file:///workspace/node_modules/@vitest/runner/dist/index.js:1056:17)\n    at runSuite (file:///workspace/node_modules/@vitest/runner/dist/index.js:1205:15)\n    at runSuite (file:///workspace/node_modules/@vitest/runner/dist/index.js:1205:15)\n    at runSuite (file:///workspace/node_modules/@vitest/runner/dist/index.js:1205:15)\n    at runFiles (file:///workspace/node_modules/@vitest/runner/dist/index.js:1262:5)\n    at startTests (file:///workspace/node_modules/@vitest/runner/dist/index.js:1271:3)"],"location":{"line":138,"column":5},"meta":{}},{"ancestorTitles":["CustomerService","searchCustomers"],"fullName":"CustomerService searchCustomers should return empty array for no matches","status":"failed","title":"should return empty array for no matches","duration":0.5302750000000742,"failureMessages":["TypeError: __vi_import_0__.mockSupabaseClient.from(...).select(...).ilike is not a function\n    at /workspace/src/services/__tests__/CustomerService.test.ts:157:42\n    at file:///workspace/node_modules/@vitest/runner/dist/index.js:146:14\n    at file:///workspace/node_modules/@vitest/runner/dist/index.js:533:11\n    at runWithTimeout (file:///workspace/node_modules/@vitest/runner/dist/index.js:39:7)\n    at runTest (file:///workspace/node_modules/@vitest/runner/dist/index.js:1056:17)\n    at runSuite (file:///workspace/node_modules/@vitest/runner/dist/index.js:1205:15)\n    at runSuite (file:///workspace/node_modules/@vitest/runner/dist/index.js:1205:15)\n    at runSuite (file:///workspace/node_modules/@vitest/runner/dist/index.js:1205:15)\n    at runFiles (file:///workspace/node_modules/@vitest/runner/dist/index.js:1262:5)\n    at startTests (file:///workspace/node_modules/@vitest/runner/dist/index.js:1271:3)"],"location":{"line":154,"column":5},"meta":{}}],"startTime":1751622444246,"endTime":1751622444259.5303,"status":"failed","message":"","name":"/workspace/src/services/__tests__/CustomerService.test.ts"},{"assertionResults":[{"ancestorTitles":["Arabic Text Utils","formatArabicDate"],"fullName":"Arabic Text Utils formatArabicDate should format date in Arabic","status":"failed","title":"should format date in Arabic","duration":3.669263000000001,"failureMessages":["AssertionError: expected '١٥ يناير ٢٠٢٤' to contain '2024'\n    at /workspace/src/utils/__tests__/arabic-text-utils.test.ts:16:29\n    at file:///workspace/node_modules/@vitest/runner/dist/index.js:146:14\n    at file:///workspace/node_modules/@vitest/runner/dist/index.js:533:11\n    at runWithTimeout (file:///workspace/node_modules/@vitest/runner/dist/index.js:39:7)\n    at runTest (file:///workspace/node_modules/@vitest/runner/dist/index.js:1056:17)\n    at runSuite (file:///workspace/node_modules/@vitest/runner/dist/index.js:1205:15)\n    at runSuite (file:///workspace/node_modules/@vitest/runner/dist/index.js:1205:15)\n    at runSuite (file:///workspace/node_modules/@vitest/runner/dist/index.js:1205:15)\n    at runFiles (file:///workspace/node_modules/@vitest/runner/dist/index.js:1262:5)\n    at startTests (file:///workspace/node_modules/@vitest/runner/dist/index.js:1271:3)"],"location":{"line":12,"column":5},"meta":{}},{"ancestorTitles":["Arabic Text Utils","formatArabicDate"],"fullName":"Arabic Text Utils formatArabicDate should handle invalid date","status":"failed","title":"should handle invalid date","duration":1.337628999999879,"failureMessages":["AssertionError: expected 'غير محدد' to be 'تاريخ غير صحيح' // Object.is equality\n    at /workspace/src/utils/__tests__/arabic-text-utils.test.ts:24:29\n    at file:///workspace/node_modules/@vitest/runner/dist/index.js:146:14\n    at file:///workspace/node_modules/@vitest/runner/dist/index.js:533:11\n    at runWithTimeout (file:///workspace/node_modules/@vitest/runner/dist/index.js:39:7)\n    at runTest (file:///workspace/node_modules/@vitest/runner/dist/index.js:1056:17)\n    at runSuite (file:///workspace/node_modules/@vitest/runner/dist/index.js:1205:15)\n    at runSuite (file:///workspace/node_modules/@vitest/runner/dist/index.js:1205:15)\n    at runSuite (file:///workspace/node_modules/@vitest/runner/dist/index.js:1205:15)\n    at runFiles (file:///workspace/node_modules/@vitest/runner/dist/index.js:1262:5)\n    at startTests (file:///workspace/node_modules/@vitest/runner/dist/index.js:1271:3)"],"location":{"line":20,"column":5},"meta":{}},{"ancestorTitles":["Arabic Text Utils","formatArabicDate"],"fullName":"Arabic Text Utils formatArabicDate should format date string","status":"passed","title":"should format date string","duration":0.48669199999994817,"failureMessages":[],"location":{"line":27,"column":5},"meta":{}},{"ancestorTitles":["Arabic Text Utils","formatCurrency"],"fullName":"Arabic Text Utils formatCurrency should format QAR currency","status":"failed","title":"should format QAR currency","duration":0.3205519999999069,"failureMessages":["TypeError: __vite_ssr_import_1__.formatCurrency is not a function\n    at /workspace/src/utils/__tests__/arabic-text-utils.test.ts:39:25\n    at file:///workspace/node_modules/@vitest/runner/dist/index.js:146:14\n    at file:///workspace/node_modules/@vitest/runner/dist/index.js:533:11\n    at runWithTimeout (file:///workspace/node_modules/@vitest/runner/dist/index.js:39:7)\n    at runTest (file:///workspace/node_modules/@vitest/runner/dist/index.js:1056:17)\n    at runSuite (file:///workspace/node_modules/@vitest/runner/dist/index.js:1205:15)\n    at runSuite (file:///workspace/node_modules/@vitest/runner/dist/index.js:1205:15)\n    at runSuite (file:///workspace/node_modules/@vitest/runner/dist/index.js:1205:15)\n    at runFiles (file:///workspace/node_modules/@vitest/runner/dist/index.js:1262:5)\n    at startTests (file:///workspace/node_modules/@vitest/runner/dist/index.js:1271:3)"],"location":{"line":37,"column":5},"meta":{}},{"ancestorTitles":["Arabic Text Utils","formatCurrency"],"fullName":"Arabic Text Utils formatCurrency should handle zero amount","status":"failed","title":"should handle zero amount","duration":0.2901400000000649,"failureMessages":["TypeError: __vite_ssr_import_1__.formatCurrency is not a function\n    at /workspace/src/utils/__tests__/arabic-text-utils.test.ts:46:25\n    at file:///workspace/node_modules/@vitest/runner/dist/index.js:146:14\n    at file:///workspace/node_modules/@vitest/runner/dist/index.js:533:11\n    at runWithTimeout (file:///workspace/node_modules/@vitest/runner/dist/index.js:39:7)\n    at runTest (file:///workspace/node_modules/@vitest/runner/dist/index.js:1056:17)\n    at runSuite (file:///workspace/node_modules/@vitest/runner/dist/index.js:1205:15)\n    at runSuite (file:///workspace/node_modules/@vitest/runner/dist/index.js:1205:15)\n    at runSuite (file:///workspace/node_modules/@vitest/runner/dist/index.js:1205:15)\n    at runFiles (file:///workspace/node_modules/@vitest/runner/dist/index.js:1262:5)\n    at startTests (file:///workspace/node_modules/@vitest/runner/dist/index.js:1271:3)"],"location":{"line":45,"column":5},"meta":{}},{"ancestorTitles":["Arabic Text Utils","formatCurrency"],"fullName":"Arabic Text Utils formatCurrency should handle negative amount","status":"failed","title":"should handle negative amount","duration":0.2859609999998156,"failureMessages":["TypeError: __vite_ssr_import_1__.formatCurrency is not a function\n    at /workspace/src/utils/__tests__/arabic-text-utils.test.ts:53:25\n    at file:///workspace/node_modules/@vitest/runner/dist/index.js:146:14\n    at file:///workspace/node_modules/@vitest/runner/dist/index.js:533:11\n    at runWithTimeout (file:///workspace/node_modules/@vitest/runner/dist/index.js:39:7)\n    at runTest (file:///workspace/node_modules/@vitest/runner/dist/index.js:1056:17)\n    at runSuite (file:///workspace/node_modules/@vitest/runner/dist/index.js:1205:15)\n    at runSuite (file:///workspace/node_modules/@vitest/runner/dist/index.js:1205:15)\n    at runSuite (file:///workspace/node_modules/@vitest/runner/dist/index.js:1205:15)\n    at runFiles (file:///workspace/node_modules/@vitest/runner/dist/index.js:1262:5)\n    at startTests (file:///workspace/node_modules/@vitest/runner/dist/index.js:1271:3)"],"location":{"line":52,"column":5},"meta":{}},{"ancestorTitles":["Arabic Text Utils","formatCurrency"],"fullName":"Arabic Text Utils formatCurrency should format large amounts with commas","status":"failed","title":"should format large amounts with commas","duration":0.2296289999999317,"failureMessages":["TypeError: __vite_ssr_import_1__.formatCurrency is not a function\n    at /workspace/src/utils/__tests__/arabic-text-utils.test.ts:60:25\n    at file:///workspace/node_modules/@vitest/runner/dist/index.js:146:14\n    at file:///workspace/node_modules/@vitest/runner/dist/index.js:533:11\n    at runWithTimeout (file:///workspace/node_modules/@vitest/runner/dist/index.js:39:7)\n    at runTest (file:///workspace/node_modules/@vitest/runner/dist/index.js:1056:17)\n    at runSuite (file:///workspace/node_modules/@vitest/runner/dist/index.js:1205:15)\n    at runSuite (file:///workspace/node_modules/@vitest/runner/dist/index.js:1205:15)\n    at runSuite (file:///workspace/node_modules/@vitest/runner/dist/index.js:1205:15)\n    at runFiles (file:///workspace/node_modules/@vitest/runner/dist/index.js:1262:5)\n    at startTests (file:///workspace/node_modules/@vitest/runner/dist/index.js:1271:3)"],"location":{"line":59,"column":5},"meta":{}},{"ancestorTitles":["Arabic Text Utils","isArabicText"],"fullName":"Arabic Text Utils isArabicText should detect Arabic text","status":"failed","title":"should detect Arabic text","duration":0.1880109999999604,"failureMessages":["TypeError: __vite_ssr_import_1__.isArabicText is not a function\n    at /workspace/src/utils/__tests__/arabic-text-utils.test.ts:69:14\n    at file:///workspace/node_modules/@vitest/runner/dist/index.js:146:14\n    at file:///workspace/node_modules/@vitest/runner/dist/index.js:533:11\n    at runWithTimeout (file:///workspace/node_modules/@vitest/runner/dist/index.js:39:7)\n    at runTest (file:///workspace/node_modules/@vitest/runner/dist/index.js:1056:17)\n    at runSuite (file:///workspace/node_modules/@vitest/runner/dist/index.js:1205:15)\n    at runSuite (file:///workspace/node_modules/@vitest/runner/dist/index.js:1205:15)\n    at runSuite (file:///workspace/node_modules/@vitest/runner/dist/index.js:1205:15)\n    at runFiles (file:///workspace/node_modules/@vitest/runner/dist/index.js:1262:5)\n    at startTests (file:///workspace/node_modules/@vitest/runner/dist/index.js:1271:3)"],"location":{"line":68,"column":5},"meta":{}},{"ancestorTitles":["Arabic Text Utils","isArabicText"],"fullName":"Arabic Text Utils isArabicText should detect non-Arabic text","status":"failed","title":"should detect non-Arabic text","duration":0.2037000000000262,"failureMessages":["TypeError: __vite_ssr_import_1__.isArabicText is not a function\n    at /workspace/src/utils/__tests__/arabic-text-utils.test.ts:75:14\n    at file:///workspace/node_modules/@vitest/runner/dist/index.js:146:14\n    at file:///workspace/node_modules/@vitest/runner/dist/index.js:533:11\n    at runWithTimeout (file:///workspace/node_modules/@vitest/runner/dist/index.js:39:7)\n    at runTest (file:///workspace/node_modules/@vitest/runner/dist/index.js:1056:17)\n    at runSuite (file:///workspace/node_modules/@vitest/runner/dist/index.js:1205:15)\n    at runSuite (file:///workspace/node_modules/@vitest/runner/dist/index.js:1205:15)\n    at runSuite (file:///workspace/node_modules/@vitest/runner/dist/index.js:1205:15)\n    at runFiles (file:///workspace/node_modules/@vitest/runner/dist/index.js:1262:5)\n    at startTests (file:///workspace/node_modules/@vitest/runner/dist/index.js:1271:3)"],"location":{"line":74,"column":5},"meta":{}},{"ancestorTitles":["Arabic Text Utils","isArabicText"],"fullName":"Arabic Text Utils isArabicText should handle mixed text","status":"failed","title":"should handle mixed text","duration":0.19868300000007366,"failureMessages":["TypeError: __vite_ssr_import_1__.isArabicText is not a function\n    at /workspace/src/utils/__tests__/arabic-text-utils.test.ts:81:14\n    at file:///workspace/node_modules/@vitest/runner/dist/index.js:146:14\n    at file:///workspace/node_modules/@vitest/runner/dist/index.js:533:11\n    at runWithTimeout (file:///workspace/node_modules/@vitest/runner/dist/index.js:39:7)\n    at runTest (file:///workspace/node_modules/@vitest/runner/dist/index.js:1056:17)\n    at runSuite (file:///workspace/node_modules/@vitest/runner/dist/index.js:1205:15)\n    at runSuite (file:///workspace/node_modules/@vitest/runner/dist/index.js:1205:15)\n    at runSuite (file:///workspace/node_modules/@vitest/runner/dist/index.js:1205:15)\n    at runFiles (file:///workspace/node_modules/@vitest/runner/dist/index.js:1262:5)\n    at startTests (file:///workspace/node_modules/@vitest/runner/dist/index.js:1271:3)"],"location":{"line":80,"column":5},"meta":{}},{"ancestorTitles":["Arabic Text Utils","isArabicText"],"fullName":"Arabic Text Utils isArabicText should handle empty string","status":"failed","title":"should handle empty string","duration":0.16976199999999153,"failureMessages":["TypeError: __vite_ssr_import_1__.isArabicText is not a function\n    at /workspace/src/utils/__tests__/arabic-text-utils.test.ts:86:14\n    at file:///workspace/node_modules/@vitest/runner/dist/index.js:146:14\n    at file:///workspace/node_modules/@vitest/runner/dist/index.js:533:11\n    at runWithTimeout (file:///workspace/node_modules/@vitest/runner/dist/index.js:39:7)\n    at runTest (file:///workspace/node_modules/@vitest/runner/dist/index.js:1056:17)\n    at runSuite (file:///workspace/node_modules/@vitest/runner/dist/index.js:1205:15)\n    at runSuite (file:///workspace/node_modules/@vitest/runner/dist/index.js:1205:15)\n    at runSuite (file:///workspace/node_modules/@vitest/runner/dist/index.js:1205:15)\n    at runFiles (file:///workspace/node_modules/@vitest/runner/dist/index.js:1262:5)\n    at startTests (file:///workspace/node_modules/@vitest/runner/dist/index.js:1271:3)"],"location":{"line":85,"column":5},"meta":{}},{"ancestorTitles":["Arabic Text Utils","sanitizeArabicText"],"fullName":"Arabic Text Utils sanitizeArabicText should clean Arabic text","status":"failed","title":"should clean Arabic text","duration":0.16849600000000464,"failureMessages":["TypeError: __vite_ssr_import_1__.sanitizeArabicText is not a function\n    at /workspace/src/utils/__tests__/arabic-text-utils.test.ts:94:23\n    at file:///workspace/node_modules/@vitest/runner/dist/index.js:146:14\n    at file:///workspace/node_modules/@vitest/runner/dist/index.js:533:11\n    at runWithTimeout (file:///workspace/node_modules/@vitest/runner/dist/index.js:39:7)\n    at runTest (file:///workspace/node_modules/@vitest/runner/dist/index.js:1056:17)\n    at runSuite (file:///workspace/node_modules/@vitest/runner/dist/index.js:1205:15)\n    at runSuite (file:///workspace/node_modules/@vitest/runner/dist/index.js:1205:15)\n    at runSuite (file:///workspace/node_modules/@vitest/runner/dist/index.js:1205:15)\n    at runFiles (file:///workspace/node_modules/@vitest/runner/dist/index.js:1262:5)\n    at startTests (file:///workspace/node_modules/@vitest/runner/dist/index.js:1271:3)"],"location":{"line":92,"column":5},"meta":{}},{"ancestorTitles":["Arabic Text Utils","sanitizeArabicText"],"fullName":"Arabic Text Utils sanitizeArabicText should remove extra spaces","status":"failed","title":"should remove extra spaces","duration":0.13463200000001052,"failureMessages":["TypeError: __vite_ssr_import_1__.sanitizeArabicText is not a function\n    at /workspace/src/utils/__tests__/arabic-text-utils.test.ts:101:23\n    at file:///workspace/node_modules/@vitest/runner/dist/index.js:146:14\n    at file:///workspace/node_modules/@vitest/runner/dist/index.js:533:11\n    at runWithTimeout (file:///workspace/node_modules/@vitest/runner/dist/index.js:39:7)\n    at runTest (file:///workspace/node_modules/@vitest/runner/dist/index.js:1056:17)\n    at runSuite (file:///workspace/node_modules/@vitest/runner/dist/index.js:1205:15)\n    at runSuite (file:///workspace/node_modules/@vitest/runner/dist/index.js:1205:15)\n    at runSuite (file:///workspace/node_modules/@vitest/runner/dist/index.js:1205:15)\n    at runFiles (file:///workspace/node_modules/@vitest/runner/dist/index.js:1262:5)\n    at startTests (file:///workspace/node_modules/@vitest/runner/dist/index.js:1271:3)"],"location":{"line":99,"column":5},"meta":{}},{"ancestorTitles":["Arabic Text Utils","sanitizeArabicText"],"fullName":"Arabic Text Utils sanitizeArabicText should handle empty text","status":"failed","title":"should handle empty text","duration":0.13060300000006464,"failureMessages":["TypeError: __vite_ssr_import_1__.sanitizeArabicText is not a function\n    at /workspace/src/utils/__tests__/arabic-text-utils.test.ts:107:14\n    at file:///workspace/node_modules/@vitest/runner/dist/index.js:146:14\n    at file:///workspace/node_modules/@vitest/runner/dist/index.js:533:11\n    at runWithTimeout (file:///workspace/node_modules/@vitest/runner/dist/index.js:39:7)\n    at runTest (file:///workspace/node_modules/@vitest/runner/dist/index.js:1056:17)\n    at runSuite (file:///workspace/node_modules/@vitest/runner/dist/index.js:1205:15)\n    at runSuite (file:///workspace/node_modules/@vitest/runner/dist/index.js:1205:15)\n    at runSuite (file:///workspace/node_modules/@vitest/runner/dist/index.js:1205:15)\n    at runFiles (file:///workspace/node_modules/@vitest/runner/dist/index.js:1262:5)\n    at startTests (file:///workspace/node_modules/@vitest/runner/dist/index.js:1271:3)"],"location":{"line":106,"column":5},"meta":{}},{"ancestorTitles":["Arabic Text Utils","sanitizeArabicText"],"fullName":"Arabic Text Utils sanitizeArabicText should preserve Arabic diacritics","status":"failed","title":"should preserve Arabic diacritics","duration":0.15381600000000617,"failureMessages":["TypeError: __vite_ssr_import_1__.sanitizeArabicText is not a function\n    at /workspace/src/utils/__tests__/arabic-text-utils.test.ts:113:23\n    at file:///workspace/node_modules/@vitest/runner/dist/index.js:146:14\n    at file:///workspace/node_modules/@vitest/runner/dist/index.js:533:11\n    at runWithTimeout (file:///workspace/node_modules/@vitest/runner/dist/index.js:39:7)\n    at runTest (file:///workspace/node_modules/@vitest/runner/dist/index.js:1056:17)\n    at runSuite (file:///workspace/node_modules/@vitest/runner/dist/index.js:1205:15)\n    at runSuite (file:///workspace/node_modules/@vitest/runner/dist/index.js:1205:15)\n    at runSuite (file:///workspace/node_modules/@vitest/runner/dist/index.js:1205:15)\n    at runFiles (file:///workspace/node_modules/@vitest/runner/dist/index.js:1262:5)\n    at startTests (file:///workspace/node_modules/@vitest/runner/dist/index.js:1271:3)"],"location":{"line":111,"column":5},"meta":{}},{"ancestorTitles":["Arabic Text Utils","convertToArabicNumerals"],"fullName":"Arabic Text Utils convertToArabicNumerals should convert English numerals to Arabic","status":"failed","title":"should convert English numerals to Arabic","duration":0.19240899999999783,"failureMessages":["TypeError: __vite_ssr_import_1__.convertToArabicNumerals is not a function\n    at /workspace/src/utils/__tests__/arabic-text-utils.test.ts:121:14\n    at file:///workspace/node_modules/@vitest/runner/dist/index.js:146:14\n    at file:///workspace/node_modules/@vitest/runner/dist/index.js:533:11\n    at runWithTimeout (file:///workspace/node_modules/@vitest/runner/dist/index.js:39:7)\n    at runTest (file:///workspace/node_modules/@vitest/runner/dist/index.js:1056:17)\n    at runSuite (file:///workspace/node_modules/@vitest/runner/dist/index.js:1205:15)\n    at runSuite (file:///workspace/node_modules/@vitest/runner/dist/index.js:1205:15)\n    at runSuite (file:///workspace/node_modules/@vitest/runner/dist/index.js:1205:15)\n    at runFiles (file:///workspace/node_modules/@vitest/runner/dist/index.js:1262:5)\n    at startTests (file:///workspace/node_modules/@vitest/runner/dist/index.js:1271:3)"],"location":{"line":120,"column":5},"meta":{}},{"ancestorTitles":["Arabic Text Utils","convertToArabicNumerals"],"fullName":"Arabic Text Utils convertToArabicNumerals should handle mixed text with numbers","status":"failed","title":"should handle mixed text with numbers","duration":0.14672899999982292,"failureMessages":["TypeError: __vite_ssr_import_1__.convertToArabicNumerals is not a function\n    at /workspace/src/utils/__tests__/arabic-text-utils.test.ts:127:22\n    at file:///workspace/node_modules/@vitest/runner/dist/index.js:146:14\n    at file:///workspace/node_modules/@vitest/runner/dist/index.js:533:11\n    at runWithTimeout (file:///workspace/node_modules/@vitest/runner/dist/index.js:39:7)\n    at runTest (file:///workspace/node_modules/@vitest/runner/dist/index.js:1056:17)\n    at runSuite (file:///workspace/node_modules/@vitest/runner/dist/index.js:1205:15)\n    at runSuite (file:///workspace/node_modules/@vitest/runner/dist/index.js:1205:15)\n    at runSuite (file:///workspace/node_modules/@vitest/runner/dist/index.js:1205:15)\n    at runFiles (file:///workspace/node_modules/@vitest/runner/dist/index.js:1262:5)\n    at startTests (file:///workspace/node_modules/@vitest/runner/dist/index.js:1271:3)"],"location":{"line":126,"column":5},"meta":{}},{"ancestorTitles":["Arabic Text Utils","convertToArabicNumerals"],"fullName":"Arabic Text Utils convertToArabicNumerals should handle text without numbers","status":"failed","title":"should handle text without numbers","duration":0.15599300000008043,"failureMessages":["TypeError: __vite_ssr_import_1__.convertToArabicNumerals is not a function\n    at /workspace/src/utils/__tests__/arabic-text-utils.test.ts:133:14\n    at file:///workspace/node_modules/@vitest/runner/dist/index.js:146:14\n    at file:///workspace/node_modules/@vitest/runner/dist/index.js:533:11\n    at runWithTimeout (file:///workspace/node_modules/@vitest/runner/dist/index.js:39:7)\n    at runTest (file:///workspace/node_modules/@vitest/runner/dist/index.js:1056:17)\n    at runSuite (file:///workspace/node_modules/@vitest/runner/dist/index.js:1205:15)\n    at runSuite (file:///workspace/node_modules/@vitest/runner/dist/index.js:1205:15)\n    at runSuite (file:///workspace/node_modules/@vitest/runner/dist/index.js:1205:15)\n    at runFiles (file:///workspace/node_modules/@vitest/runner/dist/index.js:1262:5)\n    at startTests (file:///workspace/node_modules/@vitest/runner/dist/index.js:1271:3)"],"location":{"line":131,"column":5},"meta":{}},{"ancestorTitles":["Arabic Text Utils","convertToArabicNumerals"],"fullName":"Arabic Text Utils convertToArabicNumerals should handle empty string","status":"failed","title":"should handle empty string","duration":0.147307999999839,"failureMessages":["TypeError: __vite_ssr_import_1__.convertToArabicNumerals is not a function\n    at /workspace/src/utils/__tests__/arabic-text-utils.test.ts:137:14\n    at file:///workspace/node_modules/@vitest/runner/dist/index.js:146:14\n    at file:///workspace/node_modules/@vitest/runner/dist/index.js:533:11\n    at runWithTimeout (file:///workspace/node_modules/@vitest/runner/dist/index.js:39:7)\n    at runTest (file:///workspace/node_modules/@vitest/runner/dist/index.js:1056:17)\n    at runSuite (file:///workspace/node_modules/@vitest/runner/dist/index.js:1205:15)\n    at runSuite (file:///workspace/node_modules/@vitest/runner/dist/index.js:1205:15)\n    at runSuite (file:///workspace/node_modules/@vitest/runner/dist/index.js:1205:15)\n    at runFiles (file:///workspace/node_modules/@vitest/runner/dist/index.js:1262:5)\n    at startTests (file:///workspace/node_modules/@vitest/runner/dist/index.js:1271:3)"],"location":{"line":136,"column":5},"meta":{}},{"ancestorTitles":["Arabic Text Utils","Edge Cases"],"fullName":"Arabic Text Utils Edge Cases should handle null and undefined safely","status":"failed","title":"should handle null and undefined safely","duration":1.9014150000000427,"failureMessages":["AssertionError: expected [Function] to not throw an error but 'TypeError: __vite_ssr_import_1__.form…' was thrown\n    at Proxy.<anonymous> (file:///workspace/node_modules/@vitest/expect/dist/index.js:1509:21)\n    at Proxy.<anonymous> (file:///workspace/node_modules/@vitest/expect/dist/index.js:972:17)\n    at Proxy.methodWrapper (file:///workspace/node_modules/chai/chai.js:1618:25)\n    at /workspace/src/utils/__tests__/arabic-text-utils.test.ts:143:53\n    at file:///workspace/node_modules/@vitest/runner/dist/index.js:146:14\n    at file:///workspace/node_modules/@vitest/runner/dist/index.js:533:11\n    at runWithTimeout (file:///workspace/node_modules/@vitest/runner/dist/index.js:39:7)\n    at runTest (file:///workspace/node_modules/@vitest/runner/dist/index.js:1056:17)\n    at runSuite (file:///workspace/node_modules/@vitest/runner/dist/index.js:1205:15)\n    at runSuite (file:///workspace/node_modules/@vitest/runner/dist/index.js:1205:15)"],"location":{"line":142,"column":5},"meta":{}},{"ancestorTitles":["Arabic Text Utils","Edge Cases"],"fullName":"Arabic Text Utils Edge Cases should handle very long Arabic text","status":"failed","title":"should handle very long Arabic text","duration":0.2111210000000483,"failureMessages":["TypeError: __vite_ssr_import_1__.sanitizeArabicText is not a function\n    at /workspace/src/utils/__tests__/arabic-text-utils.test.ts:150:25\n    at file:///workspace/node_modules/@vitest/runner/dist/index.js:146:14\n    at file:///workspace/node_modules/@vitest/runner/dist/index.js:533:11\n    at runWithTimeout (file:///workspace/node_modules/@vitest/runner/dist/index.js:39:7)\n    at runTest (file:///workspace/node_modules/@vitest/runner/dist/index.js:1056:17)\n    at runSuite (file:///workspace/node_modules/@vitest/runner/dist/index.js:1205:15)\n    at runSuite (file:///workspace/node_modules/@vitest/runner/dist/index.js:1205:15)\n    at runSuite (file:///workspace/node_modules/@vitest/runner/dist/index.js:1205:15)\n    at runFiles (file:///workspace/node_modules/@vitest/runner/dist/index.js:1262:5)\n    at startTests (file:///workspace/node_modules/@vitest/runner/dist/index.js:1271:3)"],"location":{"line":148,"column":5},"meta":{}},{"ancestorTitles":["Arabic Text Utils","Edge Cases"],"fullName":"Arabic Text Utils Edge Cases should handle special Arabic characters","status":"failed","title":"should handle special Arabic characters","duration":0.19458899999995083,"failureMessages":["TypeError: __vite_ssr_import_1__.isArabicText is not a function\n    at /workspace/src/utils/__tests__/arabic-text-utils.test.ts:159:14\n    at file:///workspace/node_modules/@vitest/runner/dist/index.js:146:14\n    at file:///workspace/node_modules/@vitest/runner/dist/index.js:533:11\n    at runWithTimeout (file:///workspace/node_modules/@vitest/runner/dist/index.js:39:7)\n    at runTest (file:///workspace/node_modules/@vitest/runner/dist/index.js:1056:17)\n    at runSuite (file:///workspace/node_modules/@vitest/runner/dist/index.js:1205:15)\n    at runSuite (file:///workspace/node_modules/@vitest/runner/dist/index.js:1205:15)\n    at runSuite (file:///workspace/node_modules/@vitest/runner/dist/index.js:1205:15)\n    at runFiles (file:///workspace/node_modules/@vitest/runner/dist/index.js:1262:5)\n    at startTests (file:///workspace/node_modules/@vitest/runner/dist/index.js:1271:3)"],"location":{"line":156,"column":5},"meta":{}}],"startTime":1751622444342,"endTime":1751622444353.2112,"status":"failed","message":"","name":"/workspace/src/utils/__tests__/arabic-text-utils.test.ts"},{"assertionResults":[{"ancestorTitles":["Basic System Tests"],"fullName":"Basic System Tests should run basic math operations","status":"passed","title":"should run basic math operations","duration":0.8207250000000386,"failureMessages":[],"location":{"line":4,"column":3},"meta":{}},{"ancestorTitles":["Basic System Tests"],"fullName":"Basic System Tests should handle Arabic text correctly","status":"passed","title":"should handle Arabic text correctly","duration":0.24680399999988367,"failureMessages":[],"location":{"line":11,"column":3},"meta":{}},{"ancestorTitles":["Basic System Tests"],"fullName":"Basic System Tests should handle arrays and objects","status":"passed","title":"should handle arrays and objects","duration":0.8868760000000293,"failureMessages":[],"location":{"line":18,"column":3},"meta":{}},{"ancestorTitles":["Basic System Tests"],"fullName":"Basic System Tests should handle promises","status":"passed","title":"should handle promises","duration":0.11405199999990145,"failureMessages":[],"location":{"line":32,"column":3},"meta":{}},{"ancestorTitles":["Basic System Tests"],"fullName":"Basic System Tests should handle date operations","status":"passed","title":"should handle date operations","duration":0.18361200000026656,"failureMessages":[],"location":{"line":38,"column":3},"meta":{}}],"startTime":1751622445420,"endTime":1751622445422.1836,"status":"passed","message":"","name":"/workspace/src/__tests__/basic.test.ts"},{"assertionResults":[{"ancestorTitles":["CustomerCard"],"fullName":"CustomerCard renders customer information correctly","status":"passed","title":"renders customer information correctly","duration":61.38903299999993,"failureMessages":[],"location":{"line":51,"column":3},"meta":{}},{"ancestorTitles":["CustomerCard"],"fullName":"CustomerCard displays customer status badge correctly","status":"passed","title":"displays customer status badge correctly","duration":8.02073200000018,"failureMessages":[],"location":{"line":69,"column":3},"meta":{}},{"ancestorTitles":["CustomerCard"],"fullName":"CustomerCard handles email action click","status":"passed","title":"handles email action click","duration":13.912733000000117,"failureMessages":[],"location":{"line":85,"column":3},"meta":{}},{"ancestorTitles":["CustomerCard"],"fullName":"CustomerCard handles phone call action click","status":"passed","title":"handles phone call action click","duration":9.25369999999998,"failureMessages":[],"location":{"line":109,"column":3},"meta":{}},{"ancestorTitles":["CustomerCard"],"fullName":"CustomerCard opens dropdown menu on menu button click","status":"failed","title":"opens dropdown menu on menu button click","duration":3053.153026,"failureMessages":["Error: Unable to find an element with the text: عرض التفاصيل. This could be because the text is broken up by multiple elements. In this case, you can provide a function for your text matcher to make your matcher more flexible.\n\nIgnored nodes: comments, script, style\n\u001b[36m<body>\u001b[39m\n  \u001b[36m<div>\u001b[39m\n    \u001b[36m<div\u001b[39m\n      \u001b[33mclass\u001b[39m=\u001b[32m\"rounded-lg border bg-card text-card-foreground shadow-sm hover:shadow-md transition-shadow cursor-pointer h-full\"\u001b[39m\n      \u001b[33mdir\u001b[39m=\u001b[32m\"rtl\"\u001b[39m\n    \u001b[36m>\u001b[39m\n      \u001b[36m<div\u001b[39m\n        \u001b[33mclass\u001b[39m=\u001b[32m\"p-5\"\u001b[39m\n      \u001b[36m>\u001b[39m\n        \u001b[36m<div\u001b[39m\n          \u001b[33mclass\u001b[39m=\u001b[32m\"flex justify-between items-start mb-4\"\u001b[39m\n        \u001b[36m>\u001b[39m\n          \u001b[36m<div\u001b[39m\n            \u001b[33mclass\u001b[39m=\u001b[32m\"flex-1\"\u001b[39m\n          \u001b[36m>\u001b[39m\n            \u001b[36m<div\u001b[39m\n              \u001b[33mclass\u001b[39m=\u001b[32m\"text-right\"\u001b[39m\n            \u001b[36m>\u001b[39m\n              \u001b[36m<h3\u001b[39m\n                \u001b[33mclass\u001b[39m=\u001b[32m\"font-semibold text-lg leading-tight break-words whitespace-normal max-w-full overflow-hidden mb-1\"\u001b[39m\n              \u001b[36m>\u001b[39m\n                \u001b[0mأحمد محمد\u001b[0m\n              \u001b[36m</h3>\u001b[39m\n              \u001b[36m<p\u001b[39m\n                \u001b[33mclass\u001b[39m=\u001b[32m\"text-sm text-muted-foreground\"\u001b[39m\n              \u001b[36m>\u001b[39m\n                \u001b[0mahmed@example.com\u001b[0m\n              \u001b[36m</p>\u001b[39m\n            \u001b[36m</div>\u001b[39m\n          \u001b[36m</div>\u001b[39m\n          \u001b[36m<div\u001b[39m\n            \u001b[33mclass\u001b[39m=\u001b[32m\"flex items-center gap-2\"\u001b[39m\n          \u001b[36m>\u001b[39m\n            \u001b[36m<div\u001b[39m\n              \u001b[33mclass\u001b[39m=\u001b[32m\"inline-flex items-center rounded-full border font-semibold transition-colors focus:outline-none focus:ring-2 focus:ring-ring focus:ring-offset-2 border-transparent bg-primary text-primary-foreground hover:bg-primary/80 text-xs px-3 py-1\"\u001b[39m\n            \u001b[36m>\u001b[39m\n              \u001b[0mنشط\u001b[0m\n            \u001b[36m</div>\u001b[39m\n            \u001b[36m<button\u001b[39m\n              \u001b[33maria-expanded\u001b[39m=\u001b[32m\"false\"\u001b[39m\n              \u001b[33maria-haspopup\u001b[39m=\u001b[32m\"menu\"\u001b[39m\n              \u001b[33mclass\u001b[39m=\u001b[32m\"inline-flex items-center justify-center gap-2 whitespace-nowrap rounded-md text-sm font-medium ring-offset-background transition-colors focus-visible:outline-none focus-visible:ring-2 focus-visible:ring-ring focus-visible:ring-offset-2 disabled:pointer-events-none disabled:opacity-50 [&_svg]:pointer-events-none [&_svg]:size-4 [&_svg]:shrink-0 hover:bg-accent hover:text-accent-foreground h-8 w-8\"\u001b[39m\n              \u001b[33mdata-state\u001b[39m=\u001b[32m\"closed\"\u001b[39m\n              \u001b[33mid\u001b[39m=\u001b[32m\"radix-:r8:\"\u001b[39m\n              \u001b[33mtype\u001b[39m=\u001b[32m\"button\"\u001b[39m\n            \u001b[36m>\u001b[39m\n              \u001b[36m<svg\u001b[39m\n                \u001b[33mclass\u001b[39m=\u001b[32m\"lucide lucide-more-vertical h-4 w-4\"\u001b[39m\n                \u001b[33mfill\u001b[39m=\u001b[32m\"none\"\u001b[39m\n                \u001b[33mheight\u001b[39m=\u001b[32m\"24\"\u001b[39m\n                \u001b[33mstroke\u001b[39m=\u001b[32m\"currentColor\"\u001b[39m\n                \u001b[33mstroke-linecap\u001b[39m=\u001b[32m\"round\"\u001b[39m\n                \u001b[33mstroke-linejoin\u001b[39m=\u001b[32m\"round\"\u001b[39m\n                \u001b[33mstroke-width\u001b[39m=\u001b[32m\"2\"\u001b[39m\n                \u001b[33mviewBox\u001b[39m=\u001b[32m\"0 0 24 24\"\u001b[39m\n                \u001b[33mwidth\u001b[39m=\u001b[32m\"24\"\u001b[39m\n                \u001b[33mxmlns\u001b[39m=\u001b[32m\"http://www.w3.org/2000/svg\"\u001b[39m\n              \u001b[36m>\u001b[39m\n                \u001b[36m<circle\u001b[39m\n                  \u001b[33mcx\u001b[39m=\u001b[32m\"12\"\u001b[39m\n                  \u001b[33mcy\u001b[39m=\u001b[32m\"12\"\u001b[39m\n                  \u001b[33mr\u001b[39m=\u001b[32m\"1\"\u001b[39m\n                \u001b[36m/>\u001b[39m\n                \u001b[36m<circle\u001b[39m\n                  \u001b[33mcx\u001b[39m=\u001b[32m\"12\"\u001b[39m\n                  \u001b[33mcy\u001b[39m=\u001b[32m\"5\"\u001b[39m\n                  \u001b[33mr\u001b[39m=\u001b[32m\"1\"\u001b[39m\n                \u001b[36m/>\u001b[39m\n                \u001b[36m<circle\u001b[39m\n                  \u001b[33mcx\u001b[39m=\u001b[32m\"12\"\u001b[39m\n                  \u001b[33mcy\u001b[39m=\u001b[32m\"19\"\u001b[39m\n                  \u001b[33mr\u001b[39m=\u001b[32m\"1\"\u001b[39m\n                \u001b[36m/>\u001b[39m\n              \u001b[36m</svg>\u001b[39m\n            \u001b[36m</button>\u001b[39m\n          \u001b[36m</div>\u001b[39m\n        \u001b[36m</div>\u001b[39m\n        \u001b[36m<div\u001b[39m\n          \u001b[33mclass\u001b[39m=\u001b[32m\"space-y-4\"\u001b[39m\n        \u001b[36m>\u001b[39m\n          \u001b[36m<div\u001b[39m\n            \u001b[33mclass\u001b[39m=\u001b[32m\"bg-gray-50 rounded-lg p-3\"\u001b[39m\n          \u001b[36m>\u001b[39m\n            \u001b[36m<h4\u001b[39m\n              \u001b[33mclass\u001b[39m=\u001b[32m\"font-medium text-sm text-gray-700 mb-3 border-b border-gray-200 pb-2\"\u001b[39m\n            \u001b[36m>\u001b[39m\n              \u001b[0mمعلومات الاتصال\u001b[0m\n            \u001b[36m</h4>\u001b[39m\n            \u001b[36m<div\u001b[39m\n              \u001b[33mclass\u001b[39m=\u001b[32m\"space-y-2\"\u001b[39m\n            \u001b[36m>\u001b[39m\n              \u001b[36m<div\u001b[39m\n                \u001b[33mclass\u001b[39m=\u001b[32m\"flex justify-between items-center\"
[...]
enders without errors when required props are provided","status":"passed","title":"renders without errors when required props are provided","duration":4.563104999999268,"failureMessages":[],"location":{"line":284,"column":3},"meta":{}}],"startTime":1751622443869,"endTime":1751622453055.563,"status":"failed","message":"","name":"/workspace/src/__tests__/components/CustomerCard.test.tsx"},{"assertionResults":[{"ancestorTitles":["App Integration Tests"],"fullName":"App Integration Tests should render app structure without crashing","status":"passed","title":"should render app structure without crashing","duration":21.484349000000066,"failureMessages":[],"location":{"line":54,"column":3},"meta":{}},{"ancestorTitles":["App Integration Tests"],"fullName":"App Integration Tests should display Arabic text correctly","status":"passed","title":"should display Arabic text correctly","duration":8.491978999999901,"failureMessages":[],"location":{"line":76,"column":3},"meta":{}},{"ancestorTitles":["App Integration Tests"],"fullName":"App Integration Tests should handle routing without errors","status":"passed","title":"should handle routing without errors","duration":4.654261000000133,"failureMessages":[],"location":{"line":96,"column":3},"meta":{}},{"ancestorTitles":["App Integration Tests"],"fullName":"App Integration Tests should handle data loading states","status":"passed","title":"should handle data loading states","duration":2.520516999999927,"failureMessages":[],"location":{"line":122,"column":3},"meta":{}},{"ancestorTitles":["App Integration Tests"],"fullName":"App Integration Tests should render forms correctly","status":"passed","title":"should render forms correctly","duration":10.871681999999964,"failureMessages":[],"location":{"line":149,"column":3},"meta":{}},{"ancestorTitles":["App Integration Tests"],"fullName":"App Integration Tests should handle error states gracefully","status":"passed","title":"should handle error states gracefully","duration":2.2375019999999495,"failureMessages":[],"location":{"line":189,"column":3},"meta":{}}],"startTime":1751622443599,"endTime":1751622443650.2375,"status":"passed","message":"","name":"/workspace/src/__tests__/integration/app-integration.test.tsx"},{"assertionResults":[{"ancestorTitles":["CustomerService","getAllCustomers"],"fullName":"CustomerService getAllCustomers should fetch all customers successfully","status":"failed","title":"should fetch all customers successfully","duration":1.901634999999942,"failureMessages":["TypeError: customerService.getAllCustomers is not a function\n    at /workspace/src/__tests__/services/customer-service.test.ts:29:44\n    at file:///workspace/node_modules/@vitest/runner/dist/index.js:146:14\n    at file:///workspace/node_modules/@vitest/runner/dist/index.js:533:11\n    at runWithTimeout (file:///workspace/node_modules/@vitest/runner/dist/index.js:39:7)\n    at runTest (file:///workspace/node_modules/@vitest/runner/dist/index.js:1056:17)\n    at runSuite (file:///workspace/node_modules/@vitest/runner/dist/index.js:1205:15)\n    at runSuite (file:///workspace/node_modules/@vitest/runner/dist/index.js:1205:15)\n    at runSuite (file:///workspace/node_modules/@vitest/runner/dist/index.js:1205:15)\n    at runFiles (file:///workspace/node_modules/@vitest/runner/dist/index.js:1262:5)\n    at startTests (file:///workspace/node_modules/@vitest/runner/dist/index.js:1271:3)"],"location":{"line":21,"column":5},"meta":{}},{"ancestorTitles":["CustomerService","getAllCustomers"],"fullName":"CustomerService getAllCustomers should handle errors when fetching customers","status":"failed","title":"should handle errors when fetching customers","duration":0.6478150000000369,"failureMessages":["TypeError: customerService.getAllCustomers is not a function\n    at /workspace/src/__tests__/services/customer-service.test.ts:46:44\n    at file:///workspace/node_modules/@vitest/runner/dist/index.js:146:14\n    at file:///workspace/node_modules/@vitest/runner/dist/index.js:533:11\n    at runWithTimeout (file:///workspace/node_modules/@vitest/runner/dist/index.js:39:7)\n    at runTest (file:///workspace/node_modules/@vitest/runner/dist/index.js:1056:17)\n    at runSuite (file:///workspace/node_modules/@vitest/runner/dist/index.js:1205:15)\n    at runSuite (file:///workspace/node_modules/@vitest/runner/dist/index.js:1205:15)\n    at runSuite (file:///workspace/node_modules/@vitest/runner/dist/index.js:1205:15)\n    at runFiles (file:///workspace/node_modules/@vitest/runner/dist/index.js:1262:5)\n    at startTests (file:///workspace/node_modules/@vitest/runner/dist/index.js:1271:3)"],"location":{"line":36,"column":5},"meta":{}},{"ancestorTitles":["CustomerService","getCustomerById"],"fullName":"CustomerService getCustomerById should fetch customer by id successfully","status":"failed","title":"should fetch customer by id successfully","duration":6.958441999999877,"failureMessages":["AssertionError: expected null to deeply equal { id: '1', …(9) }\n    at /workspace/src/__tests__/services/customer-service.test.ts:71:27\n    at file:///workspace/node_modules/@vitest/runner/dist/index.js:533:5\n    at runTest (file:///workspace/node_modules/@vitest/runner/dist/index.js:1056:11)\n    at runSuite (file:///workspace/node_modules/@vitest/runner/dist/index.js:1205:15)\n    at runSuite (file:///workspace/node_modules/@vitest/runner/dist/index.js:1205:15)\n    at runSuite (file:///workspace/node_modules/@vitest/runner/dist/index.js:1205:15)\n    at runFiles (file:///workspace/node_modules/@vitest/runner/dist/index.js:1262:5)\n    at startTests (file:///workspace/node_modules/@vitest/runner/dist/index.js:1271:3)\n    at file:///workspace/node_modules/vitest/dist/chunks/runBaseTests.3qpJUEJM.js:126:11\n    at withEnv (file:///workspace/node_modules/vitest/dist/chunks/runBaseTests.3qpJUEJM.js:90:5)"],"location":{"line":54,"column":5},"meta":{}},{"ancestorTitles":["CustomerService","getCustomerById"],"fullName":"CustomerService getCustomerById should handle customer not found","status":"passed","title":"should handle customer not found","duration":1.315377000000126,"failureMessages":[],"location":{"line":75,"column":5},"meta":{}},{"ancestorTitles":["CustomerService","createCustomer"],"fullName":"CustomerService createCustomer should create customer successfully","status":"failed","title":"should create customer successfully","duration":1.916292999999996,"failureMessages":["AssertionError: expected null to deeply equal { full_name: 'عميل جديد', …(7) }\n    at /workspace/src/__tests__/services/customer-service.test.ts:123:27\n    at file:///workspace/node_modules/@vitest/runner/dist/index.js:533:5\n    at runTest (file:///workspace/node_modules/@vitest/runner/dist/index.js:1056:11)\n    at runSuite (file:///workspace/node_modules/@vitest/runner/dist/index.js:1205:15)\n    at runSuite (file:///workspace/node_modules/@vitest/runner/dist/index.js:1205:15)\n    at runSuite (file:///workspace/node_modules/@vitest/runner/dist/index.js:1205:15)\n    at runFiles (file:///workspace/node_modules/@vitest/runner/dist/index.js:1262:5)\n    at startTests (file:///workspace/node_modules/@vitest/runner/dist/index.js:1271:3)\n    at file:///workspace/node_modules/vitest/dist/chunks/runBaseTests.3qpJUEJM.js:126:11\n    at withEnv (file:///workspace/node_modules/vitest/dist/chunks/runBaseTests.3qpJUEJM.js:90:5)"],"location":{"line":97,"column":5},"meta":{}},{"ancestorTitles":["CustomerService","createCustomer"],"fullName":"CustomerService createCustomer should handle validation errors when creating customer","status":"failed","title":"should handle validation errors when creating customer","duration":3.0180619999998726,"failureMessages":["AssertionError: expected { code: 'DATABASE_ERROR', …(4) } to deeply equal { message: 'Invalid customer data' }\n    at /workspace/src/__tests__/services/customer-service.test.ts:152:28\n    at file:///workspace/node_modules/@vitest/runner/dist/index.js:533:5\n    at runTest (file:///workspace/node_modules/@vitest/runner/dist/index.js:1056:11)\n    at runSuite (file:///workspace/node_modules/@vitest/runner/dist/index.js:1205:15)\n    at runSuite (file:///workspace/node_modules/@vitest/runner/dist/index.js:1205:15)\n    at runSuite (file:///workspace/node_modules/@vitest/runner/dist/index.js:1205:15)\n    at runFiles (file:///workspace/node_modules/@vitest/runner/dist/index.js:1262:5)\n    at startTests (file:///workspace/node_modules/@vitest/runner/dist/index.js:1271:3)\n    at file:///workspace/node_modules/vitest/dist/chunks/runBaseTests.3qpJUEJM.js:126:11\n    at withEnv (file:///workspace/node_modules/vitest/dist/chunks/runBaseTests.3qpJUEJM.js:90:5)"],"location":{"line":127,"column":5},"meta":{}},{"ancestorTitles":["CustomerService","updateCustomer"],"fullName":"CustomerService updateCustomer should update customer successfully","status":"failed","title":"should update customer successfully","duration":1.7719210000000203,"failureMessages":["AssertionError: expected null to deeply equal { Object (id, full_name, ...) }\n    at /workspace/src/__tests__/services/customer-service.test.ts:181:27\n    at file:///workspace/node_modules/@vitest/runner/dist/index.js:533:5\n    at runTest (file:///workspace/node_modules/@vitest/runner/dist/index.js:1056:11)\n    at runSuite (file:///workspace/node_modules/@vitest/runner/dist/index.js:1205:15)\n    at runSuite (file:///workspace/node_modules/@vitest/runner/dist/index.js:1205:15)\n    at runSuite (file:///workspace/node_modules/@vitest/runner/dist/index.js:1205:15)\n    at runFiles (file:///workspace/node_modules/@vitest/runner/dist/index.js:1262:5)\n    at startTests (file:///workspace/node_modules/@vitest/runner/dist/index.js:1271:3)\n    at file:///workspace/node_modules/vitest/dist/chunks/runBaseTests.3qpJUEJM.js:126:11\n    at withEnv (file:///workspace/node_modules/vitest/dist/chunks/runBaseTests.3qpJUEJM.js:90:5)"],"location":{"line":157,"column":5},"meta":{}},{"ancestorTitles":["CustomerService","updateCustomer"],"fullName":"CustomerService updateCustomer should handle errors when updating customer","status":"failed","title":"should handle errors when updating customer","duration":4.955508000000009,"failureMessages":["AssertionError: expected { code: 'DATABASE_ERROR', …(4) } to deeply equal { Object (message) }\n    at /workspace/src/__tests__/services/customer-service.test.ts:206:28\n    at file:///workspace/node_modules/@vitest/runner/dist/index.js:533:5\n    at runTest (file:///workspace/node_modules/@vitest/runner/dist/index.js:1056:11)\n    at runSuite (file:///workspace/node_modules/@vitest/runner/dist/index.js:1205:15)\n    at runSuite (file:///workspace/node_modules/@vitest/runner/dist/index.js:1205:15)\n    at runSuite (file:///workspace/node_modules/@vitest/runner/dist/index.js:1205:15)\n    at runFiles (file:///workspace/node_modules/@vitest/runner/dist/index.js:1262:5)\n    at startTests (file:///workspace/node_modules/@vitest/runner/dist/index.js:1271:3)\n    at file:///workspace/node_modules/vitest/dist/chunks/runBaseTests.3qpJUEJM.js:126:11\n    at withEnv (file:///workspace/node_modules/vitest/dist/chunks/runBaseTests.3qpJUEJM.js:90:5)"],"location":{"line":185,"column":5},"meta":{}},{"ancestorTitles":["CustomerService","deleteCustomer"],"fullName":"CustomerService deleteCustomer should delete customer successfully","status":"failed","title":"should delete customer successfully","duration":1.6011549999998351,"failureMessages":["AssertionError: expected { code: 'DATABASE_ERROR', …(4) } to be null\n    at /workspace/src/__tests__/services/customer-service.test.ts:225:28\n    at file:///workspace/node_modules/@vitest/runner/dist/index.js:533:5\n    at runTest (file:///workspace/node_modules/@vitest/runner/dist/index.js:1056:11)\n    at runSuite (file:///workspace/node_modules/@vitest/runner/dist/index.js:1205:15)\n    at runSuite (file:///workspace/node_modules/@vitest/runner/dist/index.js:1205:15)\n    at runSuite (file:///workspace/node_modules/@vitest/runner/dist/index.js:1205:15)\n    at runFiles (file:///workspace/node_modules/@vitest/runner/dist/index.js:1262:5)\n    at startTests (file:///workspace/node_modules/@vitest/runner/dist/index.js:1271:3)\n    at file:///workspace/node_modules/vitest/dist/chunks/runBaseTests.3qpJUEJM.js:126:11\n    at withEnv (file:///workspace/node_modules/vitest/dist/chunks/runBaseTests.3qpJUEJM.js:90:5)"],"location":{"line":211,"column":5},"meta":{}},{"ancestorTitles":["CustomerService","deleteCustomer"],"fullName":"CustomerService deleteCustomer should handle errors when deleting customer","status":"failed","title":"should handle errors when deleting customer","duration":1.9185899999999947,"failureMessages":["AssertionError: expected { code: 'DATABASE_ERROR', …(4) } to deeply equal { Object (message) }\n    at /workspace/src/__tests__/services/customer-service.test.ts:243:28\n    at file:///workspace/node_modules/@vitest/runner/dist/index.js:533:5\n    at runTest (file:///workspace/node_modules/@vitest/runner/dist/index.js:1056:11)\n    at runSuite (file:///workspace/node_modules/@vitest/runner/dist/index.js:1205:15)\n    at runSuite (file:///workspace/node_modules/@vitest/runner/dist/index.js:1205:15)\n    at runSuite (file:///workspace/node_modules/@vitest/runner/dist/index.js:1205:15)\n    at runFiles (file:///workspace/node_modules/@vitest/runner/dist/index.js:1262:5)\n    at startTests (file:///workspace/node_modules/@vitest/runner/dist/index.js:1271:3)\n    at file:///workspace/node_modules/vitest/dist/chunks/runBaseTests.3qpJUEJM.js:126:11\n    at withEnv (file:///workspace/node_modules/vitest/dist/chunks/runBaseTests.3qpJUEJM.js:90:5)"],"location":{"line":228,"column":5},"meta":{}},{"ancestorTitles":["CustomerService","searchCustomers"],"fullName":"CustomerService searchCustomers should search customers by name","status":"failed","title":"should search customers by name","duration":1.9269999999999072,"failureMessages":["AssertionError: expected null to deeply equal [ { id: '1', …(9) } ]\n    at /workspace/src/__tests__/services/customer-service.test.ts:265:27\n    at file:///workspace/node_modules/@vitest/runner/dist/index.js:533:5\n    at runTest (file:///workspace/node_modules/@vitest/runner/dist/index.js:1056:11)\n    at runSuite (file:///workspace/node_modules/@vitest/runner/dist/index.js:1205:15)\n    at runSuite (file:///workspace/node_modules/@vitest/runner/dist/index.js:1205:15)\n    at runSuite (file:///workspace/node_modules/@vitest/runner/dist/index.js:1205:15)\n    at runFiles (file:///workspace/node_modules/@vitest/runner/dist/index.js:1262:5)\n    at startTests (file:///workspace/node_modules/@vitest/runner/dist/index.js:1271:3)\n    at file:///workspace/node_modules/vitest/dist/chunks/runBaseTests.3qpJUEJM.js:126:11\n    at withEnv (file:///workspace/node_modules/vitest/dist/chunks/runBaseTests.3qpJUEJM.js:90:5)"],"location":{"line":248,"column":5},"meta":{}},{"ancestorTitles":["CustomerService","searchCustomers"],"fullName":"CustomerService searchCustomers should search customers by phone","status":"failed","title":"should search customers by phone","duration":1.3579549999999472,"failureMessages":["AssertionError: expected null to deeply equal [ Array(2) ]\n    at /workspace/src/__tests__/services/customer-service.test.ts:286:27\n    at file:///workspace/node_modules/@vitest/runner/dist/index.js:533:5\n    at runTest (file:///workspace/node_modules/@vitest/runner/dist/index.js:1056:11)\n    at runSuite (file:///workspace/node_modules/@vitest/runner/dist/index.js:1205:15)\n    at runSuite (file:///workspace/node_modules/@vitest/runner/dist/index.js:1205:15)\n    at runSuite (file:///workspace/node_modules/@vitest/runner/dist/index.js:1205:15)\n    at runFiles (file:///workspace/node_modules/@vitest/runner/dist/index.js:1262:5)\n    at startTests (file:///workspace/node_modules/@vitest/runner/dist/index.js:1271:3)\n    at file:///workspace/node_modules/vitest/dist/chunks/runBaseTests.3qpJUEJM.js:126:11\n    at withEnv (file:///workspace/node_modules/vitest/dist/chunks/runBaseTests.3qpJUEJM.js:90:5)"],"location":{"line":269,"column":5},"meta":{}},{"ancestorTitles":["CustomerService","searchCustomers"],"fullName":"CustomerService searchCustomers should return empty array when no customers match search","status":"failed","title":"should return empty array when no customers match search","duration":1.3053440000001046,"failureMessages":["AssertionError: expected null to deeply equal []\n    at /workspace/src/__tests__/services/customer-service.test.ts:304:27\n    at file:///workspace/node_modules/@vitest/runner/dist/index.js:533:5\n    at runTest (file:///workspace/node_modules/@vitest/runner/dist/index.js:1056:11)\n    at runSuite (file:///workspace/node_modules/@vitest/runner/dist/index.js:1205:15)\n    at runSuite (file:///workspace/node_modules/@vitest/runner/dist/index.js:1205:15)\n    at runSuite (file:///workspace/node_modules/@vitest/runner/dist/index.js:1205:15)\n    at runFiles (file:///workspace/node_modules/@vitest/runner/dist/index.js:1262:5)\n    at startTests (file:///workspace/node_modules/@vitest/runner/dist/index.js:1271:3)\n    at file:///workspace/node_modules/vitest/dist/chunks/runBaseTests.3qpJUEJM.js:126:11\n    at withEnv (file:///workspace/node_modules/vitest/dist/chunks/runBaseTests.3qpJUEJM.js:90:5)"],"location":{"line":290,"column":5},"meta":{}},{"ancestorTitles":["CustomerService","getCustomerStatistics"],"fullName":"CustomerService getCustomerStatistics should calculate customer statistics correctly","status":"failed","title":"should calculate customer statistics correctly","duration":0.3930239999999685,"failureMessages":["TypeError: customerService.getCustomerStatistics is not a function\n    at /workspace/src/__tests__/services/customer-service.test.ts:318:43\n    at file:///workspace/node_modules/@vitest/runner/dist/index.js:146:14\n    at file:///workspace/node_modules/@vitest/runner/dist/index.js:533:11\n    at runWithTimeout (file:///workspace/node_modules/@vitest/runner/dist/index.js:39:7)\n    at runTest (file:///workspace/node_modules/@vitest/runner/dist/index.js:1056:17)\n    at runSuite (file:///workspace/node_modules/@vitest/runner/dist/index.js:1205:15)\n    at runSuite (file:///workspace/node_modules/@vitest/runner/dist/index.js:1205:15)\n    at runSuite (file:///workspace/node_modules/@vitest/runner/dist/index.js:1205:15)\n    at runFiles (file:///workspace/node_modules/@vitest/runner/dist/index.js:1262:5)\n    at startTests (file:///workspace/node_modules/@vitest/runner/dist/index.js:1271:3)"],"location":{"line":310,"column":5},"meta":{}},{"ancestorTitles":["CustomerService","getCustomerStatistics"],"fullName":"CustomerService getCustomerStatistics should handle errors when calculating statistics","status":"failed","title":"should handle errors when calculating statistics","duration":0.28094400000009045,"failureMessages":["TypeError: customerService.getCustomerStatistics is not a function\n    at /workspace/src/__tests__/services/customer-service.test.ts:334:43\n    at file:///workspace/node_modules/@vitest/runner/dist/index.js:146:14\n    at file:///workspace/node_modules/@vitest/runner/dist/index.js:533:11\n    at runWithTimeout (file:///workspace/node_modules/@vitest/runner/dist/index.js:39:7)\n    at runTest (file:///workspace/node_modules/@vitest/runner/dist/index.js:1056:17)\n    at runSuite (file:///workspace/node_modules/@vitest/runner/dist/index.js:1205:15)\n    at runSuite (file:///workspace/node_modules/@vitest/runner/dist/index.js:1205:15)\n    at runSuite (file:///workspace/node_modules/@vitest/runner/dist/index.js:1205:15)\n    at runFiles (file:///workspace/node_modules/@vitest/runner/dist/index.js:1262:5)\n    at startTests (file:///workspace/node_modules/@vitest/runner/dist/index.js:1271:3)"],"location":{"line":326,"column":5},"meta":{}}],"startTime":1751622443872,"endTime":1751622443904.393,"status":"failed","message":"","name":"/workspace/src/__tests__/services/customer-service.test.ts"}]}